2024-08-07 23:37:22 - Username: noah - Session ID: e81e09da1ae0e0fb6a161fb16dff2546280c23c06e0d230cf2d80b91d96e6495 - Action: Accessed home
2024-08-07 23:37:22 - Username: noah - Session ID: e81e09da1ae0e0fb6a161fb16dff2546280c23c06e0d230cf2d80b91d96e6495 - Action: Accessed static
2024-08-07 23:37:24 - Username: noah - Session ID: e81e09da1ae0e0fb6a161fb16dff2546280c23c06e0d230cf2d80b91d96e6495 - Action: Accessed logout
2024-08-07 23:37:24 - Username: noah - Session ID: e81e09da1ae0e0fb6a161fb16dff2546280c23c06e0d230cf2d80b91d96e6495 - Action: Logged out
2024-08-07 23:56:52 - Username: thegrasshairboi - Session ID: 23a773ede7d2e552387d866c9ef2e6ddc6a11b8442d8d5c6dc3a5061cf7377dd - Action: Accessed home
2024-08-07 23:56:52 - Username: thegrasshairboi - Session ID: 23a773ede7d2e552387d866c9ef2e6ddc6a11b8442d8d5c6dc3a5061cf7377dd - Action: Accessed static
2024-08-07 23:56:52 - Username: thegrasshairboi - Session ID: 23a773ede7d2e552387d866c9ef2e6ddc6a11b8442d8d5c6dc3a5061cf7377dd - Action: Accessed static
2024-08-07 23:56:54 - Username: thegrasshairboi - Session ID: 23a773ede7d2e552387d866c9ef2e6ddc6a11b8442d8d5c6dc3a5061cf7377dd - Action: Accessed lock_session
2024-08-07 23:56:54 - Username: thegrasshairboi - Session ID: 23a773ede7d2e552387d866c9ef2e6ddc6a11b8442d8d5c6dc3a5061cf7377dd - Action: Locked session
2024-08-07 23:56:54 - Username: thegrasshairboi - Session ID: 23a773ede7d2e552387d866c9ef2e6ddc6a11b8442d8d5c6dc3a5061cf7377dd - Action: Accessed unlock_session
2024-08-07 23:56:57 - Username: thegrasshairboi - Session ID: 23a773ede7d2e552387d866c9ef2e6ddc6a11b8442d8d5c6dc3a5061cf7377dd - Action: Accessed unlock_session
2024-08-07 23:56:57 - Username: thegrasshairboi - Session ID: 23a773ede7d2e552387d866c9ef2e6ddc6a11b8442d8d5c6dc3a5061cf7377dd - Action: Unlocked session
2024-08-07 23:56:57 - Username: thegrasshairboi - Session ID: 23a773ede7d2e552387d866c9ef2e6ddc6a11b8442d8d5c6dc3a5061cf7377dd - Action: Accessed home
2024-08-07 23:56:57 - Username: thegrasshairboi - Session ID: 23a773ede7d2e552387d866c9ef2e6ddc6a11b8442d8d5c6dc3a5061cf7377dd - Action: Accessed static
2024-08-07 23:56:58 - Username: thegrasshairboi - Session ID: 23a773ede7d2e552387d866c9ef2e6ddc6a11b8442d8d5c6dc3a5061cf7377dd - Action: Accessed static
2024-08-07 23:57:06 - Username: thegrasshairboi - Session ID: 23a773ede7d2e552387d866c9ef2e6ddc6a11b8442d8d5c6dc3a5061cf7377dd - Action: Accessed view_groups
2024-08-07 23:57:06 - Username: thegrasshairboi - Session ID: 23a773ede7d2e552387d866c9ef2e6ddc6a11b8442d8d5c6dc3a5061cf7377dd - Action: Accessed static
2024-08-07 23:57:07 - Username: thegrasshairboi - Session ID: 23a773ede7d2e552387d866c9ef2e6ddc6a11b8442d8d5c6dc3a5061cf7377dd - Action: Accessed create_group
2024-08-07 23:57:07 - Username: thegrasshairboi - Session ID: 23a773ede7d2e552387d866c9ef2e6ddc6a11b8442d8d5c6dc3a5061cf7377dd - Action: Accessed static
2024-08-07 23:57:08 - Username: thegrasshairboi - Session ID: 23a773ede7d2e552387d866c9ef2e6ddc6a11b8442d8d5c6dc3a5061cf7377dd - Action: Accessed view_groups
2024-08-07 23:57:08 - Username: thegrasshairboi - Session ID: 23a773ede7d2e552387d866c9ef2e6ddc6a11b8442d8d5c6dc3a5061cf7377dd - Action: Accessed static
2024-08-07 23:57:09 - Username: thegrasshairboi - Session ID: 23a773ede7d2e552387d866c9ef2e6ddc6a11b8442d8d5c6dc3a5061cf7377dd - Action: Accessed lock_session
2024-08-07 23:57:09 - Username: thegrasshairboi - Session ID: 23a773ede7d2e552387d866c9ef2e6ddc6a11b8442d8d5c6dc3a5061cf7377dd - Action: Locked session
2024-08-07 23:57:09 - Username: thegrasshairboi - Session ID: 23a773ede7d2e552387d866c9ef2e6ddc6a11b8442d8d5c6dc3a5061cf7377dd - Action: Accessed unlock_session
2024-08-07 23:57:13 - Username: thegrasshairboi - Session ID: 23a773ede7d2e552387d866c9ef2e6ddc6a11b8442d8d5c6dc3a5061cf7377dd - Action: Accessed unlock_session
2024-08-07 23:57:13 - Username: thegrasshairboi - Session ID: 23a773ede7d2e552387d866c9ef2e6ddc6a11b8442d8d5c6dc3a5061cf7377dd - Action: Unlocked session
2024-08-07 23:57:13 - Username: thegrasshairboi - Session ID: 23a773ede7d2e552387d866c9ef2e6ddc6a11b8442d8d5c6dc3a5061cf7377dd - Action: Accessed home
2024-08-07 23:57:14 - Username: thegrasshairboi - Session ID: 23a773ede7d2e552387d866c9ef2e6ddc6a11b8442d8d5c6dc3a5061cf7377dd - Action: Accessed static
2024-08-07 23:57:14 - Username: thegrasshairboi - Session ID: 23a773ede7d2e552387d866c9ef2e6ddc6a11b8442d8d5c6dc3a5061cf7377dd - Action: Accessed static
2024-08-07 23:57:45 - Username: thegrasshairboi - Session ID: 23a773ede7d2e552387d866c9ef2e6ddc6a11b8442d8d5c6dc3a5061cf7377dd - Action: Accessed extend_session
2024-08-07 23:57:46 - Username: thegrasshairboi - Session ID: 23a773ede7d2e552387d866c9ef2e6ddc6a11b8442d8d5c6dc3a5061cf7377dd - Action: Accessed logout
2024-08-07 23:57:46 - Username: thegrasshairboi - Session ID: 23a773ede7d2e552387d866c9ef2e6ddc6a11b8442d8d5c6dc3a5061cf7377dd - Action: Logged out
2024-08-08 23:13:33,660 - thegrasshairboi - Logged in with face recognition
2024-08-08 23:13:33 - Username: thegrasshairboi - Session ID: 9d359d006d0757a2d0dbe03e1f54441d47e00734abca2d98b08df9e5b84fed6a - Action: Accessed home
2024-08-08 23:13:33 - Username: thegrasshairboi - Session ID: 9d359d006d0757a2d0dbe03e1f54441d47e00734abca2d98b08df9e5b84fed6a - Action: Accessed static
2024-08-08 23:13:33 - Username: thegrasshairboi - Session ID: 9d359d006d0757a2d0dbe03e1f54441d47e00734abca2d98b08df9e5b84fed6a - Action: Accessed static
2024-08-08 23:14:05 - Username: thegrasshairboi - Session ID: 9d359d006d0757a2d0dbe03e1f54441d47e00734abca2d98b08df9e5b84fed6a - Action: Accessed extend_session
2024-08-08 23:14:07 - Username: thegrasshairboi - Session ID: 9d359d006d0757a2d0dbe03e1f54441d47e00734abca2d98b08df9e5b84fed6a - Action: Accessed logout
2024-08-08 23:14:07 - Username: thegrasshairboi - Session ID: 9d359d006d0757a2d0dbe03e1f54441d47e00734abca2d98b08df9e5b84fed6a - Action: Logged out
2024-08-09 00:16:07,136 - thegrasshairboi - Logged in with face recognition
2024-08-09 00:16:07 - Username: thegrasshairboi - Session ID: 384063fedfe66f083396427d37fe736d9a3b0460d8cd978bf1902a4dccfd3e9d - Action: Accessed home
2024-08-09 00:16:07 - Username: thegrasshairboi - Session ID: 384063fedfe66f083396427d37fe736d9a3b0460d8cd978bf1902a4dccfd3e9d - Action: Accessed static
2024-08-09 00:16:07 - Username: thegrasshairboi - Session ID: 384063fedfe66f083396427d37fe736d9a3b0460d8cd978bf1902a4dccfd3e9d - Action: Accessed static
2024-08-09 00:16:09 - Username: thegrasshairboi - Session ID: 384063fedfe66f083396427d37fe736d9a3b0460d8cd978bf1902a4dccfd3e9d - Action: Accessed account
2024-08-09 00:16:10 - Username: thegrasshairboi - Session ID: 384063fedfe66f083396427d37fe736d9a3b0460d8cd978bf1902a4dccfd3e9d - Action: Accessed static
2024-08-09 00:16:18 - Username: thegrasshairboi - Session ID: 384063fedfe66f083396427d37fe736d9a3b0460d8cd978bf1902a4dccfd3e9d - Action: Accessed account
2024-08-09 00:16:23,541 - thegrasshairboi - Logged in with face recognition
2024-08-09 00:16:26 - Username: thegrasshairboi - Session ID: 5e6a7b9a9bc95c743dac808353ec83dd21afef27e1c68cc9cd8344c997f76128 - Action: Accessed mfa_verify_email
2024-08-09 00:16:26 - Username: thegrasshairboi - Session ID: 5e6a7b9a9bc95c743dac808353ec83dd21afef27e1c68cc9cd8344c997f76128 - Action: Accessed static
2024-08-09 00:16:42 - Username: thegrasshairboi - Session ID: 5e6a7b9a9bc95c743dac808353ec83dd21afef27e1c68cc9cd8344c997f76128 - Action: Accessed mfa_verify_email
2024-08-09 00:16:42 - Username: thegrasshairboi - Session ID: 5e6a7b9a9bc95c743dac808353ec83dd21afef27e1c68cc9cd8344c997f76128 - Action: Accessed home
2024-08-09 00:16:43 - Username: thegrasshairboi - Session ID: 5e6a7b9a9bc95c743dac808353ec83dd21afef27e1c68cc9cd8344c997f76128 - Action: Accessed static
2024-08-09 00:16:43 - Username: thegrasshairboi - Session ID: 5e6a7b9a9bc95c743dac808353ec83dd21afef27e1c68cc9cd8344c997f76128 - Action: Accessed static
2024-08-09 00:16:45 - Username: thegrasshairboi - Session ID: 5e6a7b9a9bc95c743dac808353ec83dd21afef27e1c68cc9cd8344c997f76128 - Action: Accessed account
2024-08-09 00:16:45 - Username: thegrasshairboi - Session ID: 5e6a7b9a9bc95c743dac808353ec83dd21afef27e1c68cc9cd8344c997f76128 - Action: Accessed static
2024-08-09 00:16:54 - Username: thegrasshairboi - Session ID: 5e6a7b9a9bc95c743dac808353ec83dd21afef27e1c68cc9cd8344c997f76128 - Action: Accessed setup_face_recognition_verify
2024-08-09 00:16:54 - Username: thegrasshairboi - Session ID: 5e6a7b9a9bc95c743dac808353ec83dd21afef27e1c68cc9cd8344c997f76128 - Action: Accessed account
2024-08-09 00:16:54 - Username: thegrasshairboi - Session ID: 5e6a7b9a9bc95c743dac808353ec83dd21afef27e1c68cc9cd8344c997f76128 - Action: Accessed static
2024-08-09 00:17:00 - Username: thegrasshairboi - Session ID: 5e6a7b9a9bc95c743dac808353ec83dd21afef27e1c68cc9cd8344c997f76128 - Action: Accessed setup_face_recognition_verify
2024-08-09 00:17:00 - Username: thegrasshairboi - Session ID: 5e6a7b9a9bc95c743dac808353ec83dd21afef27e1c68cc9cd8344c997f76128 - Action: Accessed account
2024-08-09 00:17:00 - Username: thegrasshairboi - Session ID: 5e6a7b9a9bc95c743dac808353ec83dd21afef27e1c68cc9cd8344c997f76128 - Action: Accessed static
2024-08-09 00:22:33,533 - thegrasshairboi - Logged in with face recognition
2024-08-09 00:22:36 - Username: thegrasshairboi - Session ID: ccfb837463458a4d253b3579b739d443f46715bf683411bb20bfe693835cb3af - Action: Accessed mfa_verify_email
2024-08-09 00:22:36 - Username: thegrasshairboi - Session ID: ccfb837463458a4d253b3579b739d443f46715bf683411bb20bfe693835cb3af - Action: Accessed static
2024-08-09 00:22:52 - Username: thegrasshairboi - Session ID: ccfb837463458a4d253b3579b739d443f46715bf683411bb20bfe693835cb3af - Action: Accessed mfa_verify_email
2024-08-09 00:22:52 - Username: thegrasshairboi - Session ID: ccfb837463458a4d253b3579b739d443f46715bf683411bb20bfe693835cb3af - Action: Accessed home
2024-08-09 00:22:52 - Username: thegrasshairboi - Session ID: ccfb837463458a4d253b3579b739d443f46715bf683411bb20bfe693835cb3af - Action: Accessed static
2024-08-09 00:22:52 - Username: thegrasshairboi - Session ID: ccfb837463458a4d253b3579b739d443f46715bf683411bb20bfe693835cb3af - Action: Accessed static
2024-08-09 00:22:55 - Username: thegrasshairboi - Session ID: ccfb837463458a4d253b3579b739d443f46715bf683411bb20bfe693835cb3af - Action: Accessed account
2024-08-09 00:22:55 - Username: thegrasshairboi - Session ID: ccfb837463458a4d253b3579b739d443f46715bf683411bb20bfe693835cb3af - Action: Accessed static
2024-08-09 00:23:02 - Username: thegrasshairboi - Session ID: ccfb837463458a4d253b3579b739d443f46715bf683411bb20bfe693835cb3af - Action: Accessed setup_face_recognition_verify
2024-08-09 00:23:02 - Username: thegrasshairboi - Session ID: ccfb837463458a4d253b3579b739d443f46715bf683411bb20bfe693835cb3af - Action: Accessed setup_face_recognition
2024-08-09 00:23:02 - Username: thegrasshairboi - Session ID: ccfb837463458a4d253b3579b739d443f46715bf683411bb20bfe693835cb3af - Action: Accessed static
2024-08-09 00:24:05 - Username: thegrasshairboi - Session ID: ccfb837463458a4d253b3579b739d443f46715bf683411bb20bfe693835cb3af - Action: Accessed setup_face_recognition
2024-08-09 00:24:05 - Username: thegrasshairboi - Session ID: ccfb837463458a4d253b3579b739d443f46715bf683411bb20bfe693835cb3af - Action: Accessed static
2024-08-09 00:24:17 - Username: thegrasshairboi - Session ID: ccfb837463458a4d253b3579b739d443f46715bf683411bb20bfe693835cb3af - Action: Accessed setup_face_recognition
2024-08-09 00:24:17 - Username: thegrasshairboi - Session ID: ccfb837463458a4d253b3579b739d443f46715bf683411bb20bfe693835cb3af - Action: Accessed static
2024-08-09 00:24:23 - Username: thegrasshairboi - Session ID: ccfb837463458a4d253b3579b739d443f46715bf683411bb20bfe693835cb3af - Action: Accessed setup_face_recognition
2024-08-09 00:24:23 - Username: thegrasshairboi - Session ID: ccfb837463458a4d253b3579b739d443f46715bf683411bb20bfe693835cb3af - Action: Accessed static
2024-08-09 00:24:27 - Username: thegrasshairboi - Session ID: ccfb837463458a4d253b3579b739d443f46715bf683411bb20bfe693835cb3af - Action: Accessed setup_face_recognition
2024-08-09 00:24:27 - Username: thegrasshairboi - Session ID: ccfb837463458a4d253b3579b739d443f46715bf683411bb20bfe693835cb3af - Action: Accessed static
2024-08-09 00:24:32 - Username: thegrasshairboi - Session ID: ccfb837463458a4d253b3579b739d443f46715bf683411bb20bfe693835cb3af - Action: Accessed setup_face_recognition
2024-08-09 00:24:32,465 - thegrasshairboi - Updated face recognition setup
2024-08-09 00:24:32 - Username: thegrasshairboi - Session ID: ccfb837463458a4d253b3579b739d443f46715bf683411bb20bfe693835cb3af - Action: Accessed account
2024-08-09 00:24:32 - Username: thegrasshairboi - Session ID: ccfb837463458a4d253b3579b739d443f46715bf683411bb20bfe693835cb3af - Action: Accessed static
2024-08-09 00:58:32 - Username: darel - Session ID: 54e542995fd613466f551ad2b4e22900aabdc708e9b70ee9b543dae2035afa40 - Action: Logged in
2024-08-09 00:58:33 - Username: darel - Session ID: d9ffe33fa29ad419325e5e31afcdf3330d0fd0e8afb86d5675834cdddc013c45 - Action: Logged in
2024-08-09 00:58:36 - Username: darel - Session ID: d9ffe33fa29ad419325e5e31afcdf3330d0fd0e8afb86d5675834cdddc013c45 - Action: Accessed home
2024-08-09 00:58:36 - Username: darel - Session ID: d9ffe33fa29ad419325e5e31afcdf3330d0fd0e8afb86d5675834cdddc013c45 - Action: Accessed static
2024-08-09 00:58:36 - Username: darel - Session ID: d9ffe33fa29ad419325e5e31afcdf3330d0fd0e8afb86d5675834cdddc013c45 - Action: Accessed static
2024-08-09 00:58:52 - Username: darel - Session ID: d9ffe33fa29ad419325e5e31afcdf3330d0fd0e8afb86d5675834cdddc013c45 - Action: Accessed account
2024-08-09 00:58:52 - Username: darel - Session ID: d9ffe33fa29ad419325e5e31afcdf3330d0fd0e8afb86d5675834cdddc013c45 - Action: Accessed static
2024-08-09 00:58:57 - Username: darel - Session ID: d9ffe33fa29ad419325e5e31afcdf3330d0fd0e8afb86d5675834cdddc013c45 - Action: Accessed setup_face_recognition_verify
2024-08-09 00:58:57 - Username: darel - Session ID: d9ffe33fa29ad419325e5e31afcdf3330d0fd0e8afb86d5675834cdddc013c45 - Action: Accessed setup_face_recognition
2024-08-09 00:58:57 - Username: darel - Session ID: d9ffe33fa29ad419325e5e31afcdf3330d0fd0e8afb86d5675834cdddc013c45 - Action: Accessed static
2024-08-09 00:59:05 - Username: darel - Session ID: d9ffe33fa29ad419325e5e31afcdf3330d0fd0e8afb86d5675834cdddc013c45 - Action: Accessed setup_face_recognition
2024-08-09 01:06:37 - Username: darel - Session ID: 70be073a1014ccd8f808d67f2e3d343eb0396ae0ec9591597dac96e24bc5a713 - Action: Logged in
2024-08-09 01:06:39 - Username: darel - Session ID: 44e5933bac0982a9edda8717133bc04d54ff0318a9a026cc9f0763674c36d569 - Action: Logged in
2024-08-09 01:06:42 - Username: darel - Session ID: 44e5933bac0982a9edda8717133bc04d54ff0318a9a026cc9f0763674c36d569 - Action: Accessed home
2024-08-09 01:06:42 - Username: darel - Session ID: 44e5933bac0982a9edda8717133bc04d54ff0318a9a026cc9f0763674c36d569 - Action: Accessed static
2024-08-09 01:06:42 - Username: darel - Session ID: 44e5933bac0982a9edda8717133bc04d54ff0318a9a026cc9f0763674c36d569 - Action: Accessed static
2024-08-09 01:06:44 - Username: darel - Session ID: 44e5933bac0982a9edda8717133bc04d54ff0318a9a026cc9f0763674c36d569 - Action: Accessed account
2024-08-09 01:06:44 - Username: darel - Session ID: 44e5933bac0982a9edda8717133bc04d54ff0318a9a026cc9f0763674c36d569 - Action: Accessed static
2024-08-09 01:06:48 - Username: darel - Session ID: 44e5933bac0982a9edda8717133bc04d54ff0318a9a026cc9f0763674c36d569 - Action: Accessed setup_face_recognition_verify
2024-08-09 01:06:48 - Username: darel - Session ID: 44e5933bac0982a9edda8717133bc04d54ff0318a9a026cc9f0763674c36d569 - Action: Accessed setup_face_recognition
2024-08-09 01:06:48 - Username: darel - Session ID: 44e5933bac0982a9edda8717133bc04d54ff0318a9a026cc9f0763674c36d569 - Action: Accessed static
2024-08-09 01:07:02 - Username: darel - Session ID: 44e5933bac0982a9edda8717133bc04d54ff0318a9a026cc9f0763674c36d569 - Action: Accessed setup_face_recognition
2024-08-09 01:08:42 - Username: darel - Session ID: 2e9158864e1109a7fd485fac1a2dedf8ca2f2693ac4bf43d91156711ab68722d - Action: Logged in
2024-08-09 01:08:42 - Username: darel - Session ID: 2e9158864e1109a7fd485fac1a2dedf8ca2f2693ac4bf43d91156711ab68722d - Action: Accessed home
2024-08-09 01:08:42 - Username: darel - Session ID: 2e9158864e1109a7fd485fac1a2dedf8ca2f2693ac4bf43d91156711ab68722d - Action: Accessed static
2024-08-09 01:08:42 - Username: darel - Session ID: 2e9158864e1109a7fd485fac1a2dedf8ca2f2693ac4bf43d91156711ab68722d - Action: Accessed static
2024-08-09 01:08:43 - Username: darel - Session ID: 2e9158864e1109a7fd485fac1a2dedf8ca2f2693ac4bf43d91156711ab68722d - Action: Accessed account
2024-08-09 01:08:43 - Username: darel - Session ID: 2e9158864e1109a7fd485fac1a2dedf8ca2f2693ac4bf43d91156711ab68722d - Action: Accessed static
2024-08-09 01:08:46 - Username: darel - Session ID: 2e9158864e1109a7fd485fac1a2dedf8ca2f2693ac4bf43d91156711ab68722d - Action: Accessed setup_face_recognition_verify
2024-08-09 01:08:46 - Username: darel - Session ID: 2e9158864e1109a7fd485fac1a2dedf8ca2f2693ac4bf43d91156711ab68722d - Action: Accessed setup_face_recognition
2024-08-09 01:08:46 - Username: darel - Session ID: 2e9158864e1109a7fd485fac1a2dedf8ca2f2693ac4bf43d91156711ab68722d - Action: Accessed static
2024-08-09 01:08:51 - Username: darel - Session ID: 2e9158864e1109a7fd485fac1a2dedf8ca2f2693ac4bf43d91156711ab68722d - Action: Accessed setup_face_recognition
2024-08-09 01:10:41 - Username: darel - Session ID: 6f1f2c09e688c82b18b4c81264056affa80753521ce39d2869378894b1da5e85 - Action: Logged in
2024-08-09 01:10:41 - Username: darel - Session ID: 6f1f2c09e688c82b18b4c81264056affa80753521ce39d2869378894b1da5e85 - Action: Accessed home
2024-08-09 01:10:41 - Username: darel - Session ID: 6f1f2c09e688c82b18b4c81264056affa80753521ce39d2869378894b1da5e85 - Action: Accessed static
2024-08-09 01:10:41 - Username: darel - Session ID: 6f1f2c09e688c82b18b4c81264056affa80753521ce39d2869378894b1da5e85 - Action: Accessed static
2024-08-09 01:10:42 - Username: darel - Session ID: 6f1f2c09e688c82b18b4c81264056affa80753521ce39d2869378894b1da5e85 - Action: Accessed account
2024-08-09 01:10:42 - Username: darel - Session ID: 6f1f2c09e688c82b18b4c81264056affa80753521ce39d2869378894b1da5e85 - Action: Accessed static
2024-08-09 01:10:46 - Username: darel - Session ID: 6f1f2c09e688c82b18b4c81264056affa80753521ce39d2869378894b1da5e85 - Action: Accessed setup_face_recognition_verify
2024-08-09 01:10:46 - Username: darel - Session ID: 6f1f2c09e688c82b18b4c81264056affa80753521ce39d2869378894b1da5e85 - Action: Accessed setup_face_recognition
2024-08-09 01:10:46 - Username: darel - Session ID: 6f1f2c09e688c82b18b4c81264056affa80753521ce39d2869378894b1da5e85 - Action: Accessed static
2024-08-09 01:10:50 - Username: darel - Session ID: 6f1f2c09e688c82b18b4c81264056affa80753521ce39d2869378894b1da5e85 - Action: Accessed setup_face_recognition
2024-08-09 01:10:51,206 - darel - Updated face recognition setup
2024-08-09 01:10:51 - Username: darel - Session ID: 6f1f2c09e688c82b18b4c81264056affa80753521ce39d2869378894b1da5e85 - Action: Accessed account
2024-08-09 01:10:51 - Username: darel - Session ID: 6f1f2c09e688c82b18b4c81264056affa80753521ce39d2869378894b1da5e85 - Action: Accessed static
2024-08-09 01:11:01 - Username: darel - Session ID: 6f1f2c09e688c82b18b4c81264056affa80753521ce39d2869378894b1da5e85 - Action: Accessed lock_session
2024-08-09 01:11:01 - Username: darel - Session ID: 6f1f2c09e688c82b18b4c81264056affa80753521ce39d2869378894b1da5e85 - Action: Locked session
2024-08-09 01:11:01 - Username: darel - Session ID: 6f1f2c09e688c82b18b4c81264056affa80753521ce39d2869378894b1da5e85 - Action: Accessed unlock_session
2024-08-09 01:11:05 - Username: darel - Session ID: 6f1f2c09e688c82b18b4c81264056affa80753521ce39d2869378894b1da5e85 - Action: Accessed unlock_session
2024-08-09 01:11:05 - Username: darel - Session ID: 6f1f2c09e688c82b18b4c81264056affa80753521ce39d2869378894b1da5e85 - Action: Unlocked session
2024-08-09 01:11:05 - Username: darel - Session ID: 6f1f2c09e688c82b18b4c81264056affa80753521ce39d2869378894b1da5e85 - Action: Accessed home
2024-08-09 01:11:05 - Username: darel - Session ID: 6f1f2c09e688c82b18b4c81264056affa80753521ce39d2869378894b1da5e85 - Action: Accessed static
2024-08-09 01:11:05 - Username: darel - Session ID: 6f1f2c09e688c82b18b4c81264056affa80753521ce39d2869378894b1da5e85 - Action: Accessed static
2024-08-09 01:11:07 - Username: darel - Session ID: 6f1f2c09e688c82b18b4c81264056affa80753521ce39d2869378894b1da5e85 - Action: Accessed logout
2024-08-09 01:11:07 - Username: darel - Session ID: 6f1f2c09e688c82b18b4c81264056affa80753521ce39d2869378894b1da5e85 - Action: Logged out
2024-08-09 01:11:16,544 - darel - Logged in with face recognition
2024-08-09 01:11:16 - Username: darel - Session ID: 6f1f2c09e688c82b18b4c81264056affa80753521ce39d2869378894b1da5e85 - Action: Accessed home
2024-08-09 01:11:16 - Username: darel - Session ID: 6f1f2c09e688c82b18b4c81264056affa80753521ce39d2869378894b1da5e85 - Action: Accessed static
2024-08-09 01:11:16 - Username: darel - Session ID: 6f1f2c09e688c82b18b4c81264056affa80753521ce39d2869378894b1da5e85 - Action: Accessed static
2024-08-09 01:11:24 - Username: darel - Session ID: 6f1f2c09e688c82b18b4c81264056affa80753521ce39d2869378894b1da5e85 - Action: Accessed logout
2024-08-09 01:11:24 - Username: darel - Session ID: 6f1f2c09e688c82b18b4c81264056affa80753521ce39d2869378894b1da5e85 - Action: Logged out
2024-08-09 01:14:50 - Username: admin - Session ID: cd0a2570f08cd680b3d79081ef709b9769d6e4bca65d8899719a120d9605c5d3 - Action: Logged in
2024-08-09 01:14:50 - Username: admin - Session ID: cd0a2570f08cd680b3d79081ef709b9769d6e4bca65d8899719a120d9605c5d3 - Action: Accessed admin_dashboard
2024-08-09 01:14:50 - Username: admin - Session ID: cd0a2570f08cd680b3d79081ef709b9769d6e4bca65d8899719a120d9605c5d3 - Action: Accessed static
2024-08-09 01:14:50 - Username: admin - Session ID: cd0a2570f08cd680b3d79081ef709b9769d6e4bca65d8899719a120d9605c5d3 - Action: Accessed static
2024-08-09 01:15:15 - Username: admin - Session ID: cd0a2570f08cd680b3d79081ef709b9769d6e4bca65d8899719a120d9605c5d3 - Action: Accessed admin_dashboard
2024-08-09 01:15:15 - Username: admin - Session ID: cd0a2570f08cd680b3d79081ef709b9769d6e4bca65d8899719a120d9605c5d3 - Action: Accessed static
2024-08-09 01:15:15 - Username: admin - Session ID: cd0a2570f08cd680b3d79081ef709b9769d6e4bca65d8899719a120d9605c5d3 - Action: Accessed static
2024-08-09 01:15:31 - Username: admin - Session ID: cd0a2570f08cd680b3d79081ef709b9769d6e4bca65d8899719a120d9605c5d3 - Action: Accessed session_logs
2024-08-09 01:15:31 - Username: admin - Session ID: cd0a2570f08cd680b3d79081ef709b9769d6e4bca65d8899719a120d9605c5d3 - Action: Accessed static
2024-08-09 01:15:37 - Username: admin - Session ID: cd0a2570f08cd680b3d79081ef709b9769d6e4bca65d8899719a120d9605c5d3 - Action: Accessed session_logs
2024-08-09 01:15:37 - Username: admin - Session ID: cd0a2570f08cd680b3d79081ef709b9769d6e4bca65d8899719a120d9605c5d3 - Action: Accessed static
2024-08-09 01:15:41 - Username: admin - Session ID: cd0a2570f08cd680b3d79081ef709b9769d6e4bca65d8899719a120d9605c5d3 - Action: Accessed account
2024-08-09 01:15:54 - Username: admin - Session ID: cd0a2570f08cd680b3d79081ef709b9769d6e4bca65d8899719a120d9605c5d3 - Action: Accessed view_groups
2024-08-09 01:15:56 - Username: admin - Session ID: cd0a2570f08cd680b3d79081ef709b9769d6e4bca65d8899719a120d9605c5d3 - Action: Accessed upload_file
2024-08-09 01:15:56 - Username: admin - Session ID: cd0a2570f08cd680b3d79081ef709b9769d6e4bca65d8899719a120d9605c5d3 - Action: Accessed static
2024-08-09 01:15:58 - Username: admin - Session ID: cd0a2570f08cd680b3d79081ef709b9769d6e4bca65d8899719a120d9605c5d3 - Action: Accessed create_group
2024-08-09 01:15:58 - Username: admin - Session ID: cd0a2570f08cd680b3d79081ef709b9769d6e4bca65d8899719a120d9605c5d3 - Action: Accessed static
2024-08-09 01:15:58 - Username: admin - Session ID: cd0a2570f08cd680b3d79081ef709b9769d6e4bca65d8899719a120d9605c5d3 - Action: Accessed view_groups
2024-08-09 01:16:01 - Username: admin - Session ID: cd0a2570f08cd680b3d79081ef709b9769d6e4bca65d8899719a120d9605c5d3 - Action: Accessed logout
2024-08-09 01:16:01 - Username: admin - Session ID: cd0a2570f08cd680b3d79081ef709b9769d6e4bca65d8899719a120d9605c5d3 - Action: Logged out
2024-08-09 01:17:50 - Username: admin - Session ID: 96ec05e82efd54e923abde25b4a08f2e1e729cf8cc03ba5875d96e0ada6cfd0b - Action: Logged in
2024-08-09 01:17:50 - Username: admin - Session ID: 96ec05e82efd54e923abde25b4a08f2e1e729cf8cc03ba5875d96e0ada6cfd0b - Action: Accessed admin_dashboard
2024-08-09 01:17:50 - Username: admin - Session ID: 96ec05e82efd54e923abde25b4a08f2e1e729cf8cc03ba5875d96e0ada6cfd0b - Action: Accessed static
2024-08-09 01:17:50 - Username: admin - Session ID: 96ec05e82efd54e923abde25b4a08f2e1e729cf8cc03ba5875d96e0ada6cfd0b - Action: Accessed static
2024-08-09 01:17:52 - Username: admin - Session ID: 96ec05e82efd54e923abde25b4a08f2e1e729cf8cc03ba5875d96e0ada6cfd0b - Action: Accessed session_logs
2024-08-09 01:17:52 - Username: admin - Session ID: 96ec05e82efd54e923abde25b4a08f2e1e729cf8cc03ba5875d96e0ada6cfd0b - Action: Accessed static
2024-08-09 01:18:27 - Username: admin - Session ID: 96ec05e82efd54e923abde25b4a08f2e1e729cf8cc03ba5875d96e0ada6cfd0b - Action: Accessed account
2024-08-09 01:18:35 - Username: admin - Session ID: 96ec05e82efd54e923abde25b4a08f2e1e729cf8cc03ba5875d96e0ada6cfd0b - Action: Accessed extend_session
2024-08-09 01:18:37 - Username: admin - Session ID: 96ec05e82efd54e923abde25b4a08f2e1e729cf8cc03ba5875d96e0ada6cfd0b - Action: Accessed session_logs
2024-08-09 01:18:37 - Username: admin - Session ID: 96ec05e82efd54e923abde25b4a08f2e1e729cf8cc03ba5875d96e0ada6cfd0b - Action: Accessed static
2024-08-09 01:20:35 - Username: admin - Session ID: 96ec05e82efd54e923abde25b4a08f2e1e729cf8cc03ba5875d96e0ada6cfd0b - Action: Accessed logout
2024-08-09 01:20:35 - Username: admin - Session ID: 96ec05e82efd54e923abde25b4a08f2e1e729cf8cc03ba5875d96e0ada6cfd0b - Action: Logged out
2024-08-09 01:20:42,165 - thegrasshairboi - Logged in with face recognition
2024-08-09 01:20:44 - Username: thegrasshairboi - Session ID: 96ec05e82efd54e923abde25b4a08f2e1e729cf8cc03ba5875d96e0ada6cfd0b - Action: Accessed mfa_verify_email
2024-08-09 01:20:44 - Username: thegrasshairboi - Session ID: 96ec05e82efd54e923abde25b4a08f2e1e729cf8cc03ba5875d96e0ada6cfd0b - Action: Accessed static
2024-08-09 01:20:59 - Username: thegrasshairboi - Session ID: 96ec05e82efd54e923abde25b4a08f2e1e729cf8cc03ba5875d96e0ada6cfd0b - Action: Accessed mfa_verify_email
2024-08-09 01:20:59 - Username: thegrasshairboi - Session ID: 96ec05e82efd54e923abde25b4a08f2e1e729cf8cc03ba5875d96e0ada6cfd0b - Action: Accessed home
2024-08-09 01:20:59 - Username: thegrasshairboi - Session ID: 96ec05e82efd54e923abde25b4a08f2e1e729cf8cc03ba5875d96e0ada6cfd0b - Action: Accessed static
2024-08-09 01:20:59 - Username: thegrasshairboi - Session ID: 96ec05e82efd54e923abde25b4a08f2e1e729cf8cc03ba5875d96e0ada6cfd0b - Action: Accessed static
2024-08-09 01:21:52 - Username: thegrasshairboi - Session ID: 96ec05e82efd54e923abde25b4a08f2e1e729cf8cc03ba5875d96e0ada6cfd0b - Action: Accessed extend_session
2024-08-09 01:21:53 - Username: thegrasshairboi - Session ID: 96ec05e82efd54e923abde25b4a08f2e1e729cf8cc03ba5875d96e0ada6cfd0b - Action: Accessed account
2024-08-09 01:21:54 - Username: thegrasshairboi - Session ID: 96ec05e82efd54e923abde25b4a08f2e1e729cf8cc03ba5875d96e0ada6cfd0b - Action: Accessed static
2024-08-09 01:22:05 - Username: thegrasshairboi - Session ID: 96ec05e82efd54e923abde25b4a08f2e1e729cf8cc03ba5875d96e0ada6cfd0b - Action: Accessed account
2024-08-09 01:22:45 - Username: admin - Session ID: bd36a9e836478e5c13c5e626a1296d1957185e74875a068f8dacd55a662ff8db - Action: Logged in
2024-08-09 01:22:45 - Username: admin - Session ID: bd36a9e836478e5c13c5e626a1296d1957185e74875a068f8dacd55a662ff8db - Action: Accessed admin_dashboard
2024-08-09 01:22:45 - Username: admin - Session ID: bd36a9e836478e5c13c5e626a1296d1957185e74875a068f8dacd55a662ff8db - Action: Accessed static
2024-08-09 01:22:45 - Username: admin - Session ID: bd36a9e836478e5c13c5e626a1296d1957185e74875a068f8dacd55a662ff8db - Action: Accessed static
2024-08-09 01:23:21 - Username: admin - Session ID: bd36a9e836478e5c13c5e626a1296d1957185e74875a068f8dacd55a662ff8db - Action: Accessed extend_session
2024-08-09 01:23:22 - Username: admin - Session ID: bd36a9e836478e5c13c5e626a1296d1957185e74875a068f8dacd55a662ff8db - Action: Accessed lock_session
2024-08-09 01:23:22 - Username: admin - Session ID: bd36a9e836478e5c13c5e626a1296d1957185e74875a068f8dacd55a662ff8db - Action: Locked session
2024-08-09 01:23:22 - Username: admin - Session ID: bd36a9e836478e5c13c5e626a1296d1957185e74875a068f8dacd55a662ff8db - Action: Accessed unlock_session
2024-08-09 01:26:04 - Username: admin - Session ID: bd36a9e836478e5c13c5e626a1296d1957185e74875a068f8dacd55a662ff8db - Action: Accessed unlock_session
2024-08-09 01:27:21 - Username: admin - Session ID: bd36a9e836478e5c13c5e626a1296d1957185e74875a068f8dacd55a662ff8db - Action: Accessed unlock_session
2024-08-09 01:27:24 - Username: admin - Session ID: bd36a9e836478e5c13c5e626a1296d1957185e74875a068f8dacd55a662ff8db - Action: Accessed unlock_session
2024-08-09 01:27:25 - Username: admin - Session ID: bd36a9e836478e5c13c5e626a1296d1957185e74875a068f8dacd55a662ff8db - Action: Accessed unlock_session
2024-08-09 01:27:29 - Username: admin - Session ID: bd36a9e836478e5c13c5e626a1296d1957185e74875a068f8dacd55a662ff8db - Action: Accessed unlock_session
2024-08-09 01:27:40 - Username: admin - Session ID: bd36a9e836478e5c13c5e626a1296d1957185e74875a068f8dacd55a662ff8db - Action: Accessed unlock_session
2024-08-09 01:30:58 - Username: admin - Session ID: 2f240eac0ccf3d1e03e1cfe7507fd44431e96d095c15dcc09b292935c438eea1 - Action: Logged in
2024-08-09 01:30:58 - Username: admin - Session ID: 2f240eac0ccf3d1e03e1cfe7507fd44431e96d095c15dcc09b292935c438eea1 - Action: Accessed admin_dashboard
2024-08-09 01:30:58 - Username: admin - Session ID: 2f240eac0ccf3d1e03e1cfe7507fd44431e96d095c15dcc09b292935c438eea1 - Action: Accessed static
2024-08-09 01:30:58 - Username: admin - Session ID: 2f240eac0ccf3d1e03e1cfe7507fd44431e96d095c15dcc09b292935c438eea1 - Action: Accessed static
2024-08-09 01:31:01 - Username: admin - Session ID: 2f240eac0ccf3d1e03e1cfe7507fd44431e96d095c15dcc09b292935c438eea1 - Action: Accessed session_logs
2024-08-09 01:31:01 - Username: admin - Session ID: 2f240eac0ccf3d1e03e1cfe7507fd44431e96d095c15dcc09b292935c438eea1 - Action: Accessed static
2024-08-09 01:31:30 - Username: admin - Session ID: 2f240eac0ccf3d1e03e1cfe7507fd44431e96d095c15dcc09b292935c438eea1 - Action: Accessed extend_session
2024-08-09 01:32:01 - Username: admin - Session ID: 2f240eac0ccf3d1e03e1cfe7507fd44431e96d095c15dcc09b292935c438eea1 - Action: Accessed extend_session
2024-08-09 01:32:03 - Username: admin - Session ID: 2f240eac0ccf3d1e03e1cfe7507fd44431e96d095c15dcc09b292935c438eea1 - Action: Accessed session_logs
2024-08-09 01:32:03 - Username: admin - Session ID: 2f240eac0ccf3d1e03e1cfe7507fd44431e96d095c15dcc09b292935c438eea1 - Action: Accessed static
2024-08-09 01:32:27 - Username: admin - Session ID: 2f240eac0ccf3d1e03e1cfe7507fd44431e96d095c15dcc09b292935c438eea1 - Action: Accessed lock_session
2024-08-09 01:32:27 - Username: admin - Session ID: 2f240eac0ccf3d1e03e1cfe7507fd44431e96d095c15dcc09b292935c438eea1 - Action: Locked session
2024-08-09 01:32:27 - Username: admin - Session ID: 2f240eac0ccf3d1e03e1cfe7507fd44431e96d095c15dcc09b292935c438eea1 - Action: Accessed unlock_session
2024-08-09 01:32:48 - Username: admin - Session ID: 2f240eac0ccf3d1e03e1cfe7507fd44431e96d095c15dcc09b292935c438eea1 - Action: Accessed unlock_session
2024-08-09 01:34:30 - Username: admin - Session ID: 5b7836222ac3a8f1f14b1f0132d6908e8e0aa48217fd51900b9641b0855e93b1 - Action: Logged in
2024-08-09 01:34:30 - Username: admin - Session ID: 5b7836222ac3a8f1f14b1f0132d6908e8e0aa48217fd51900b9641b0855e93b1 - Action: Accessed admin_dashboard
2024-08-09 01:34:30 - Username: admin - Session ID: 5b7836222ac3a8f1f14b1f0132d6908e8e0aa48217fd51900b9641b0855e93b1 - Action: Accessed static
2024-08-09 01:34:30 - Username: admin - Session ID: 5b7836222ac3a8f1f14b1f0132d6908e8e0aa48217fd51900b9641b0855e93b1 - Action: Accessed static
2024-08-09 01:34:31 - Username: admin - Session ID: 5b7836222ac3a8f1f14b1f0132d6908e8e0aa48217fd51900b9641b0855e93b1 - Action: Accessed lock_session
2024-08-09 01:34:31 - Username: admin - Session ID: 5b7836222ac3a8f1f14b1f0132d6908e8e0aa48217fd51900b9641b0855e93b1 - Action: Locked session
2024-08-09 01:34:31 - Username: admin - Session ID: 5b7836222ac3a8f1f14b1f0132d6908e8e0aa48217fd51900b9641b0855e93b1 - Action: Accessed unlock_session
2024-08-09 01:34:31 - Username: admin - Session ID: 5b7836222ac3a8f1f14b1f0132d6908e8e0aa48217fd51900b9641b0855e93b1 - Action: Accessed unlock_session
2024-08-09 01:34:32 - Username: admin - Session ID: 5b7836222ac3a8f1f14b1f0132d6908e8e0aa48217fd51900b9641b0855e93b1 - Action: Accessed unlock_session
2024-08-09 01:34:32 - Username: admin - Session ID: 5b7836222ac3a8f1f14b1f0132d6908e8e0aa48217fd51900b9641b0855e93b1 - Action: Accessed unlock_session
2024-08-09 01:34:32 - Username: admin - Session ID: 5b7836222ac3a8f1f14b1f0132d6908e8e0aa48217fd51900b9641b0855e93b1 - Action: Accessed unlock_session
2024-08-09 01:34:32 - Username: admin - Session ID: 5b7836222ac3a8f1f14b1f0132d6908e8e0aa48217fd51900b9641b0855e93b1 - Action: Accessed unlock_session
2024-08-09 01:34:32 - Username: admin - Session ID: 5b7836222ac3a8f1f14b1f0132d6908e8e0aa48217fd51900b9641b0855e93b1 - Action: Accessed unlock_session
2024-08-09 01:34:32 - Username: admin - Session ID: 5b7836222ac3a8f1f14b1f0132d6908e8e0aa48217fd51900b9641b0855e93b1 - Action: Accessed unlock_session
2024-08-09 01:34:32 - Username: admin - Session ID: 5b7836222ac3a8f1f14b1f0132d6908e8e0aa48217fd51900b9641b0855e93b1 - Action: Accessed unlock_session
2024-08-09 01:34:32 - Username: admin - Session ID: 5b7836222ac3a8f1f14b1f0132d6908e8e0aa48217fd51900b9641b0855e93b1 - Action: Accessed unlock_session
2024-08-09 01:34:33 - Username: admin - Session ID: 5b7836222ac3a8f1f14b1f0132d6908e8e0aa48217fd51900b9641b0855e93b1 - Action: Accessed unlock_session
2024-08-09 01:34:33 - Username: admin - Session ID: 5b7836222ac3a8f1f14b1f0132d6908e8e0aa48217fd51900b9641b0855e93b1 - Action: Accessed unlock_session
2024-08-09 01:34:33 - Username: admin - Session ID: 5b7836222ac3a8f1f14b1f0132d6908e8e0aa48217fd51900b9641b0855e93b1 - Action: Accessed unlock_session
2024-08-09 01:34:33 - Username: admin - Session ID: 5b7836222ac3a8f1f14b1f0132d6908e8e0aa48217fd51900b9641b0855e93b1 - Action: Accessed unlock_session
2024-08-09 01:34:33 - Username: admin - Session ID: 5b7836222ac3a8f1f14b1f0132d6908e8e0aa48217fd51900b9641b0855e93b1 - Action: Accessed unlock_session
2024-08-09 01:34:33 - Username: admin - Session ID: 5b7836222ac3a8f1f14b1f0132d6908e8e0aa48217fd51900b9641b0855e93b1 - Action: Accessed unlock_session
2024-08-09 01:34:33 - Username: admin - Session ID: 5b7836222ac3a8f1f14b1f0132d6908e8e0aa48217fd51900b9641b0855e93b1 - Action: Accessed unlock_session
2024-08-09 01:34:33 - Username: admin - Session ID: 5b7836222ac3a8f1f14b1f0132d6908e8e0aa48217fd51900b9641b0855e93b1 - Action: Accessed unlock_session
2024-08-09 01:34:33 - Username: admin - Session ID: 5b7836222ac3a8f1f14b1f0132d6908e8e0aa48217fd51900b9641b0855e93b1 - Action: Accessed unlock_session
2024-08-09 01:34:33 - Username: admin - Session ID: 5b7836222ac3a8f1f14b1f0132d6908e8e0aa48217fd51900b9641b0855e93b1 - Action: Accessed unlock_session
2024-08-09 01:34:38 - Username: admin - Session ID: 5b7836222ac3a8f1f14b1f0132d6908e8e0aa48217fd51900b9641b0855e93b1 - Action: Accessed unlock_session
2024-08-09 01:34:38 - Username: admin - Session ID: 5b7836222ac3a8f1f14b1f0132d6908e8e0aa48217fd51900b9641b0855e93b1 - Action: Accessed unlock_session
2024-08-09 01:34:38 - Username: admin - Session ID: 5b7836222ac3a8f1f14b1f0132d6908e8e0aa48217fd51900b9641b0855e93b1 - Action: Accessed unlock_session
2024-08-09 01:34:38 - Username: admin - Session ID: 5b7836222ac3a8f1f14b1f0132d6908e8e0aa48217fd51900b9641b0855e93b1 - Action: Accessed unlock_session
2024-08-09 01:34:38 - Username: admin - Session ID: 5b7836222ac3a8f1f14b1f0132d6908e8e0aa48217fd51900b9641b0855e93b1 - Action: Accessed unlock_session
2024-08-09 01:34:38 - Username: admin - Session ID: 5b7836222ac3a8f1f14b1f0132d6908e8e0aa48217fd51900b9641b0855e93b1 - Action: Accessed unlock_session
2024-08-09 01:34:38 - Username: admin - Session ID: 5b7836222ac3a8f1f14b1f0132d6908e8e0aa48217fd51900b9641b0855e93b1 - Action: Accessed unlock_session
2024-08-09 01:34:38 - Username: admin - Session ID: 5b7836222ac3a8f1f14b1f0132d6908e8e0aa48217fd51900b9641b0855e93b1 - Action: Accessed unlock_session
2024-08-09 01:34:38 - Username: admin - Session ID: 5b7836222ac3a8f1f14b1f0132d6908e8e0aa48217fd51900b9641b0855e93b1 - Action: Accessed unlock_session
2024-08-09 01:34:38 - Username: admin - Session ID: 5b7836222ac3a8f1f14b1f0132d6908e8e0aa48217fd51900b9641b0855e93b1 - Action: Accessed unlock_session
2024-08-09 01:34:39 - Username: admin - Session ID: 5b7836222ac3a8f1f14b1f0132d6908e8e0aa48217fd51900b9641b0855e93b1 - Action: Accessed unlock_session
2024-08-09 01:34:39 - Username: admin - Session ID: 5b7836222ac3a8f1f14b1f0132d6908e8e0aa48217fd51900b9641b0855e93b1 - Action: Accessed unlock_session
2024-08-09 01:34:39 - Username: admin - Session ID: 5b7836222ac3a8f1f14b1f0132d6908e8e0aa48217fd51900b9641b0855e93b1 - Action: Accessed unlock_session
2024-08-09 01:34:39 - Username: admin - Session ID: 5b7836222ac3a8f1f14b1f0132d6908e8e0aa48217fd51900b9641b0855e93b1 - Action: Accessed unlock_session
2024-08-09 01:34:39 - Username: admin - Session ID: 5b7836222ac3a8f1f14b1f0132d6908e8e0aa48217fd51900b9641b0855e93b1 - Action: Accessed unlock_session
2024-08-09 01:34:39 - Username: admin - Session ID: 5b7836222ac3a8f1f14b1f0132d6908e8e0aa48217fd51900b9641b0855e93b1 - Action: Accessed unlock_session
2024-08-09 01:34:39 - Username: admin - Session ID: 5b7836222ac3a8f1f14b1f0132d6908e8e0aa48217fd51900b9641b0855e93b1 - Action: Accessed unlock_session
2024-08-09 01:34:39 - Username: admin - Session ID: 5b7836222ac3a8f1f14b1f0132d6908e8e0aa48217fd51900b9641b0855e93b1 - Action: Accessed unlock_session
2024-08-09 01:34:39 - Username: admin - Session ID: 5b7836222ac3a8f1f14b1f0132d6908e8e0aa48217fd51900b9641b0855e93b1 - Action: Accessed unlock_session
2024-08-09 01:34:39 - Username: admin - Session ID: 5b7836222ac3a8f1f14b1f0132d6908e8e0aa48217fd51900b9641b0855e93b1 - Action: Accessed unlock_session
2024-08-09 01:34:41 - Username: admin - Session ID: 5b7836222ac3a8f1f14b1f0132d6908e8e0aa48217fd51900b9641b0855e93b1 - Action: Accessed unlock_session
2024-08-09 01:34:41 - Username: admin - Session ID: 5b7836222ac3a8f1f14b1f0132d6908e8e0aa48217fd51900b9641b0855e93b1 - Action: Accessed unlock_session
2024-08-09 01:34:41 - Username: admin - Session ID: 5b7836222ac3a8f1f14b1f0132d6908e8e0aa48217fd51900b9641b0855e93b1 - Action: Accessed unlock_session
2024-08-09 01:34:41 - Username: admin - Session ID: 5b7836222ac3a8f1f14b1f0132d6908e8e0aa48217fd51900b9641b0855e93b1 - Action: Accessed unlock_session
2024-08-09 01:34:41 - Username: admin - Session ID: 5b7836222ac3a8f1f14b1f0132d6908e8e0aa48217fd51900b9641b0855e93b1 - Action: Accessed unlock_session
2024-08-09 01:34:41 - Username: admin - Session ID: 5b7836222ac3a8f1f14b1f0132d6908e8e0aa48217fd51900b9641b0855e93b1 - Action: Accessed unlock_session
2024-08-09 01:34:41 - Username: admin - Session ID: 5b7836222ac3a8f1f14b1f0132d6908e8e0aa48217fd51900b9641b0855e93b1 - Action: Accessed unlock_session
2024-08-09 01:34:41 - Username: admin - Session ID: 5b7836222ac3a8f1f14b1f0132d6908e8e0aa48217fd51900b9641b0855e93b1 - Action: Accessed unlock_session
2024-08-09 01:34:41 - Username: admin - Session ID: 5b7836222ac3a8f1f14b1f0132d6908e8e0aa48217fd51900b9641b0855e93b1 - Action: Accessed unlock_session
2024-08-09 01:34:41 - Username: admin - Session ID: 5b7836222ac3a8f1f14b1f0132d6908e8e0aa48217fd51900b9641b0855e93b1 - Action: Accessed unlock_session
2024-08-09 01:34:46 - Username: admin - Session ID: 5b7836222ac3a8f1f14b1f0132d6908e8e0aa48217fd51900b9641b0855e93b1 - Action: Accessed unlock_session
2024-08-09 01:34:46 - Username: admin - Session ID: 5b7836222ac3a8f1f14b1f0132d6908e8e0aa48217fd51900b9641b0855e93b1 - Action: Accessed unlock_session
2024-08-09 01:34:46 - Username: admin - Session ID: 5b7836222ac3a8f1f14b1f0132d6908e8e0aa48217fd51900b9641b0855e93b1 - Action: Accessed unlock_session
2024-08-09 01:34:46 - Username: admin - Session ID: 5b7836222ac3a8f1f14b1f0132d6908e8e0aa48217fd51900b9641b0855e93b1 - Action: Accessed unlock_session
2024-08-09 01:34:46 - Username: admin - Session ID: 5b7836222ac3a8f1f14b1f0132d6908e8e0aa48217fd51900b9641b0855e93b1 - Action: Accessed unlock_session
2024-08-09 01:34:46 - Username: admin - Session ID: 5b7836222ac3a8f1f14b1f0132d6908e8e0aa48217fd51900b9641b0855e93b1 - Action: Accessed unlock_session
2024-08-09 01:34:46 - Username: admin - Session ID: 5b7836222ac3a8f1f14b1f0132d6908e8e0aa48217fd51900b9641b0855e93b1 - Action: Accessed unlock_session
2024-08-09 01:34:46 - Username: admin - Session ID: 5b7836222ac3a8f1f14b1f0132d6908e8e0aa48217fd51900b9641b0855e93b1 - Action: Accessed unlock_session
2024-08-09 01:34:46 - Username: admin - Session ID: 5b7836222ac3a8f1f14b1f0132d6908e8e0aa48217fd51900b9641b0855e93b1 - Action: Accessed unlock_session
2024-08-09 01:34:46 - Username: admin - Session ID: 5b7836222ac3a8f1f14b1f0132d6908e8e0aa48217fd51900b9641b0855e93b1 - Action: Accessed unlock_session
2024-08-09 01:35:01 - Username: admin - Session ID: 5b7836222ac3a8f1f14b1f0132d6908e8e0aa48217fd51900b9641b0855e93b1 - Action: Accessed unlock_session
2024-08-09 01:35:01 - Username: admin - Session ID: 5b7836222ac3a8f1f14b1f0132d6908e8e0aa48217fd51900b9641b0855e93b1 - Action: Accessed unlock_session
2024-08-09 01:35:01 - Username: admin - Session ID: 5b7836222ac3a8f1f14b1f0132d6908e8e0aa48217fd51900b9641b0855e93b1 - Action: Accessed unlock_session
2024-08-09 01:35:01 - Username: admin - Session ID: 5b7836222ac3a8f1f14b1f0132d6908e8e0aa48217fd51900b9641b0855e93b1 - Action: Accessed unlock_session
2024-08-09 01:35:01 - Username: admin - Session ID: 5b7836222ac3a8f1f14b1f0132d6908e8e0aa48217fd51900b9641b0855e93b1 - Action: Accessed unlock_session
2024-08-09 01:35:01 - Username: admin - Session ID: 5b7836222ac3a8f1f14b1f0132d6908e8e0aa48217fd51900b9641b0855e93b1 - Action: Accessed unlock_session
2024-08-09 01:35:01 - Username: admin - Session ID: 5b7836222ac3a8f1f14b1f0132d6908e8e0aa48217fd51900b9641b0855e93b1 - Action: Accessed unlock_session
2024-08-09 01:35:01 - Username: admin - Session ID: 5b7836222ac3a8f1f14b1f0132d6908e8e0aa48217fd51900b9641b0855e93b1 - Action: Accessed unlock_session
2024-08-09 01:35:01 - Username: admin - Session ID: 5b7836222ac3a8f1f14b1f0132d6908e8e0aa48217fd51900b9641b0855e93b1 - Action: Accessed unlock_session
2024-08-09 01:35:01 - Username: admin - Session ID: 5b7836222ac3a8f1f14b1f0132d6908e8e0aa48217fd51900b9641b0855e93b1 - Action: Accessed unlock_session
2024-08-09 01:39:35 - Username: admin - Session ID: acc8a3334f5581bdcf234d0ce06980f14c012bcc8bd124dd2b166c0bd112ff7e - Action: Logged in
2024-08-09 01:39:35 - Username: admin - Session ID: acc8a3334f5581bdcf234d0ce06980f14c012bcc8bd124dd2b166c0bd112ff7e - Action: Accessed admin_dashboard
2024-08-09 01:39:35 - Username: admin - Session ID: acc8a3334f5581bdcf234d0ce06980f14c012bcc8bd124dd2b166c0bd112ff7e - Action: Accessed static
2024-08-09 01:39:35 - Username: admin - Session ID: acc8a3334f5581bdcf234d0ce06980f14c012bcc8bd124dd2b166c0bd112ff7e - Action: Accessed static
2024-08-09 01:39:36 - Username: admin - Session ID: acc8a3334f5581bdcf234d0ce06980f14c012bcc8bd124dd2b166c0bd112ff7e - Action: Accessed lock_session
2024-08-09 01:39:36 - Username: admin - Session ID: acc8a3334f5581bdcf234d0ce06980f14c012bcc8bd124dd2b166c0bd112ff7e - Action: Locked session
2024-08-09 01:39:36 - Username: admin - Session ID: acc8a3334f5581bdcf234d0ce06980f14c012bcc8bd124dd2b166c0bd112ff7e - Action: Accessed unlock_session
2024-08-09 01:39:36 - Username: admin - Session ID: acc8a3334f5581bdcf234d0ce06980f14c012bcc8bd124dd2b166c0bd112ff7e - Action: Accessed unlock_session
2024-08-09 01:39:36 - Username: admin - Session ID: acc8a3334f5581bdcf234d0ce06980f14c012bcc8bd124dd2b166c0bd112ff7e - Action: Accessed unlock_session
2024-08-09 01:39:36 - Username: admin - Session ID: acc8a3334f5581bdcf234d0ce06980f14c012bcc8bd124dd2b166c0bd112ff7e - Action: Accessed unlock_session
2024-08-09 01:39:36 - Username: admin - Session ID: acc8a3334f5581bdcf234d0ce06980f14c012bcc8bd124dd2b166c0bd112ff7e - Action: Accessed unlock_session
2024-08-09 01:39:36 - Username: admin - Session ID: acc8a3334f5581bdcf234d0ce06980f14c012bcc8bd124dd2b166c0bd112ff7e - Action: Accessed unlock_session
2024-08-09 01:39:36 - Username: admin - Session ID: acc8a3334f5581bdcf234d0ce06980f14c012bcc8bd124dd2b166c0bd112ff7e - Action: Accessed unlock_session
2024-08-09 01:39:36 - Username: admin - Session ID: acc8a3334f5581bdcf234d0ce06980f14c012bcc8bd124dd2b166c0bd112ff7e - Action: Accessed unlock_session
2024-08-09 01:39:36 - Username: admin - Session ID: acc8a3334f5581bdcf234d0ce06980f14c012bcc8bd124dd2b166c0bd112ff7e - Action: Accessed unlock_session
2024-08-09 01:39:36 - Username: admin - Session ID: acc8a3334f5581bdcf234d0ce06980f14c012bcc8bd124dd2b166c0bd112ff7e - Action: Accessed unlock_session
2024-08-09 01:39:37 - Username: admin - Session ID: acc8a3334f5581bdcf234d0ce06980f14c012bcc8bd124dd2b166c0bd112ff7e - Action: Accessed unlock_session
2024-08-09 01:39:37 - Username: admin - Session ID: acc8a3334f5581bdcf234d0ce06980f14c012bcc8bd124dd2b166c0bd112ff7e - Action: Accessed unlock_session
2024-08-09 01:39:37 - Username: admin - Session ID: acc8a3334f5581bdcf234d0ce06980f14c012bcc8bd124dd2b166c0bd112ff7e - Action: Accessed unlock_session
2024-08-09 01:39:38 - Username: admin - Session ID: acc8a3334f5581bdcf234d0ce06980f14c012bcc8bd124dd2b166c0bd112ff7e - Action: Accessed unlock_session
2024-08-09 01:39:38 - Username: admin - Session ID: acc8a3334f5581bdcf234d0ce06980f14c012bcc8bd124dd2b166c0bd112ff7e - Action: Accessed unlock_session
2024-08-09 01:39:38 - Username: admin - Session ID: acc8a3334f5581bdcf234d0ce06980f14c012bcc8bd124dd2b166c0bd112ff7e - Action: Accessed unlock_session
2024-08-09 01:39:38 - Username: admin - Session ID: acc8a3334f5581bdcf234d0ce06980f14c012bcc8bd124dd2b166c0bd112ff7e - Action: Accessed unlock_session
2024-08-09 01:39:38 - Username: admin - Session ID: acc8a3334f5581bdcf234d0ce06980f14c012bcc8bd124dd2b166c0bd112ff7e - Action: Accessed unlock_session
2024-08-09 01:39:38 - Username: admin - Session ID: acc8a3334f5581bdcf234d0ce06980f14c012bcc8bd124dd2b166c0bd112ff7e - Action: Accessed unlock_session
2024-08-09 01:39:38 - Username: admin - Session ID: acc8a3334f5581bdcf234d0ce06980f14c012bcc8bd124dd2b166c0bd112ff7e - Action: Accessed unlock_session
2024-08-09 01:47:17,008 - thegrasshairboi - Logged in with face recognition
2024-08-09 01:47:17 - Username: thegrasshairboi - Session ID: 82c3319ff66d8e73df6856b0a7d503d7f67d57c5ad4ebf71dcc1726f9eeeb25c - Action: Accessed home
2024-08-09 01:47:17 - Username: thegrasshairboi - Session ID: 82c3319ff66d8e73df6856b0a7d503d7f67d57c5ad4ebf71dcc1726f9eeeb25c - Action: Accessed static
2024-08-09 01:47:17 - Username: thegrasshairboi - Session ID: 82c3319ff66d8e73df6856b0a7d503d7f67d57c5ad4ebf71dcc1726f9eeeb25c - Action: Accessed static
2024-08-09 01:47:20 - Username: thegrasshairboi - Session ID: 82c3319ff66d8e73df6856b0a7d503d7f67d57c5ad4ebf71dcc1726f9eeeb25c - Action: Accessed lock_session
2024-08-09 01:47:20 - Username: thegrasshairboi - Session ID: 82c3319ff66d8e73df6856b0a7d503d7f67d57c5ad4ebf71dcc1726f9eeeb25c - Action: Locked session
2024-08-09 01:47:20 - Username: thegrasshairboi - Session ID: 82c3319ff66d8e73df6856b0a7d503d7f67d57c5ad4ebf71dcc1726f9eeeb25c - Action: Accessed unlock_session
2024-08-09 01:47:23 - Username: thegrasshairboi - Session ID: 82c3319ff66d8e73df6856b0a7d503d7f67d57c5ad4ebf71dcc1726f9eeeb25c - Action: Accessed unlock_session
2024-08-09 01:47:23 - Username: thegrasshairboi - Session ID: 82c3319ff66d8e73df6856b0a7d503d7f67d57c5ad4ebf71dcc1726f9eeeb25c - Action: Unlocked session
2024-08-09 01:47:23 - Username: thegrasshairboi - Session ID: 82c3319ff66d8e73df6856b0a7d503d7f67d57c5ad4ebf71dcc1726f9eeeb25c - Action: Accessed home
2024-08-09 01:47:23 - Username: thegrasshairboi - Session ID: 82c3319ff66d8e73df6856b0a7d503d7f67d57c5ad4ebf71dcc1726f9eeeb25c - Action: Accessed static
2024-08-09 01:47:23 - Username: thegrasshairboi - Session ID: 82c3319ff66d8e73df6856b0a7d503d7f67d57c5ad4ebf71dcc1726f9eeeb25c - Action: Accessed static
2024-08-09 01:47:29 - Username: thegrasshairboi - Session ID: 82c3319ff66d8e73df6856b0a7d503d7f67d57c5ad4ebf71dcc1726f9eeeb25c - Action: Accessed logout
2024-08-09 01:47:29 - Username: thegrasshairboi - Session ID: 82c3319ff66d8e73df6856b0a7d503d7f67d57c5ad4ebf71dcc1726f9eeeb25c - Action: Logged out
2024-08-09 01:47:36 - Username: admin - Session ID: 5f585257182730a86b96e962e95aa4c0b3200c6c2a719d64a64f0eb1fb331842 - Action: Logged in
2024-08-09 01:47:36 - Username: admin - Session ID: 5f585257182730a86b96e962e95aa4c0b3200c6c2a719d64a64f0eb1fb331842 - Action: Accessed admin_dashboard
2024-08-09 01:47:36 - Username: admin - Session ID: 5f585257182730a86b96e962e95aa4c0b3200c6c2a719d64a64f0eb1fb331842 - Action: Accessed static
2024-08-09 01:47:36 - Username: admin - Session ID: 5f585257182730a86b96e962e95aa4c0b3200c6c2a719d64a64f0eb1fb331842 - Action: Accessed static
2024-08-09 01:47:38 - Username: admin - Session ID: 5f585257182730a86b96e962e95aa4c0b3200c6c2a719d64a64f0eb1fb331842 - Action: Accessed lock_session
2024-08-09 01:47:38 - Username: admin - Session ID: 5f585257182730a86b96e962e95aa4c0b3200c6c2a719d64a64f0eb1fb331842 - Action: Locked session
2024-08-09 01:47:38 - Username: admin - Session ID: 5f585257182730a86b96e962e95aa4c0b3200c6c2a719d64a64f0eb1fb331842 - Action: Accessed unlock_session
2024-08-09 01:47:38 - Username: admin - Session ID: 5f585257182730a86b96e962e95aa4c0b3200c6c2a719d64a64f0eb1fb331842 - Action: Accessed unlock_session
2024-08-09 01:47:38 - Username: admin - Session ID: 5f585257182730a86b96e962e95aa4c0b3200c6c2a719d64a64f0eb1fb331842 - Action: Accessed unlock_session
2024-08-09 01:47:38 - Username: admin - Session ID: 5f585257182730a86b96e962e95aa4c0b3200c6c2a719d64a64f0eb1fb331842 - Action: Accessed unlock_session
2024-08-09 01:47:38 - Username: admin - Session ID: 5f585257182730a86b96e962e95aa4c0b3200c6c2a719d64a64f0eb1fb331842 - Action: Accessed unlock_session
2024-08-09 01:47:38 - Username: admin - Session ID: 5f585257182730a86b96e962e95aa4c0b3200c6c2a719d64a64f0eb1fb331842 - Action: Accessed unlock_session
2024-08-09 01:47:38 - Username: admin - Session ID: 5f585257182730a86b96e962e95aa4c0b3200c6c2a719d64a64f0eb1fb331842 - Action: Accessed unlock_session
2024-08-09 01:47:38 - Username: admin - Session ID: 5f585257182730a86b96e962e95aa4c0b3200c6c2a719d64a64f0eb1fb331842 - Action: Accessed unlock_session
2024-08-09 01:47:38 - Username: admin - Session ID: 5f585257182730a86b96e962e95aa4c0b3200c6c2a719d64a64f0eb1fb331842 - Action: Accessed unlock_session
2024-08-09 01:47:38 - Username: admin - Session ID: 5f585257182730a86b96e962e95aa4c0b3200c6c2a719d64a64f0eb1fb331842 - Action: Accessed unlock_session
2024-08-09 01:47:39 - Username: admin - Session ID: 5f585257182730a86b96e962e95aa4c0b3200c6c2a719d64a64f0eb1fb331842 - Action: Accessed unlock_session
2024-08-09 01:47:39 - Username: admin - Session ID: 5f585257182730a86b96e962e95aa4c0b3200c6c2a719d64a64f0eb1fb331842 - Action: Accessed unlock_session
2024-08-09 01:47:39 - Username: admin - Session ID: 5f585257182730a86b96e962e95aa4c0b3200c6c2a719d64a64f0eb1fb331842 - Action: Accessed unlock_session
2024-08-09 01:47:39 - Username: admin - Session ID: 5f585257182730a86b96e962e95aa4c0b3200c6c2a719d64a64f0eb1fb331842 - Action: Accessed unlock_session
2024-08-09 01:47:39 - Username: admin - Session ID: 5f585257182730a86b96e962e95aa4c0b3200c6c2a719d64a64f0eb1fb331842 - Action: Accessed unlock_session
2024-08-09 01:47:39 - Username: admin - Session ID: 5f585257182730a86b96e962e95aa4c0b3200c6c2a719d64a64f0eb1fb331842 - Action: Accessed unlock_session
2024-08-09 01:47:39 - Username: admin - Session ID: 5f585257182730a86b96e962e95aa4c0b3200c6c2a719d64a64f0eb1fb331842 - Action: Accessed unlock_session
2024-08-09 01:47:39 - Username: admin - Session ID: 5f585257182730a86b96e962e95aa4c0b3200c6c2a719d64a64f0eb1fb331842 - Action: Accessed unlock_session
2024-08-09 01:47:39 - Username: admin - Session ID: 5f585257182730a86b96e962e95aa4c0b3200c6c2a719d64a64f0eb1fb331842 - Action: Accessed unlock_session
2024-08-09 01:47:39 - Username: admin - Session ID: 5f585257182730a86b96e962e95aa4c0b3200c6c2a719d64a64f0eb1fb331842 - Action: Accessed unlock_session
2024-08-09 01:54:21 - Username: admin - Session ID: 09e97d81fe88a5a02ea2afb7b47499c0dec54eac21cbd8705b58076d5295fa5d - Action: Logged in
2024-08-09 01:54:21 - Username: admin - Session ID: 09e97d81fe88a5a02ea2afb7b47499c0dec54eac21cbd8705b58076d5295fa5d - Action: Accessed admin_dashboard
2024-08-09 01:54:21 - Username: admin - Session ID: 09e97d81fe88a5a02ea2afb7b47499c0dec54eac21cbd8705b58076d5295fa5d - Action: Accessed static
2024-08-09 01:54:21 - Username: admin - Session ID: 09e97d81fe88a5a02ea2afb7b47499c0dec54eac21cbd8705b58076d5295fa5d - Action: Accessed static
2024-08-09 01:54:22 - Username: admin - Session ID: 09e97d81fe88a5a02ea2afb7b47499c0dec54eac21cbd8705b58076d5295fa5d - Action: Accessed lock_session
2024-08-09 01:54:22 - Username: admin - Session ID: 09e97d81fe88a5a02ea2afb7b47499c0dec54eac21cbd8705b58076d5295fa5d - Action: Locked session
2024-08-09 01:54:22 - Username: admin - Session ID: 09e97d81fe88a5a02ea2afb7b47499c0dec54eac21cbd8705b58076d5295fa5d - Action: Accessed unlock_session
2024-08-09 01:54:22 - Username: admin - Session ID: 09e97d81fe88a5a02ea2afb7b47499c0dec54eac21cbd8705b58076d5295fa5d - Action: Accessed admin_unlock_session
2024-08-09 01:54:22 - Username: admin - Session ID: 09e97d81fe88a5a02ea2afb7b47499c0dec54eac21cbd8705b58076d5295fa5d - Action: Accessed admin_unlock_session
2024-08-09 01:54:22 - Username: admin - Session ID: 09e97d81fe88a5a02ea2afb7b47499c0dec54eac21cbd8705b58076d5295fa5d - Action: Accessed admin_unlock_session
2024-08-09 01:54:22 - Username: admin - Session ID: 09e97d81fe88a5a02ea2afb7b47499c0dec54eac21cbd8705b58076d5295fa5d - Action: Accessed admin_unlock_session
2024-08-09 01:54:22 - Username: admin - Session ID: 09e97d81fe88a5a02ea2afb7b47499c0dec54eac21cbd8705b58076d5295fa5d - Action: Accessed admin_unlock_session
2024-08-09 01:54:22 - Username: admin - Session ID: 09e97d81fe88a5a02ea2afb7b47499c0dec54eac21cbd8705b58076d5295fa5d - Action: Accessed admin_unlock_session
2024-08-09 01:54:22 - Username: admin - Session ID: 09e97d81fe88a5a02ea2afb7b47499c0dec54eac21cbd8705b58076d5295fa5d - Action: Accessed admin_unlock_session
2024-08-09 01:54:22 - Username: admin - Session ID: 09e97d81fe88a5a02ea2afb7b47499c0dec54eac21cbd8705b58076d5295fa5d - Action: Accessed admin_unlock_session
2024-08-09 01:54:22 - Username: admin - Session ID: 09e97d81fe88a5a02ea2afb7b47499c0dec54eac21cbd8705b58076d5295fa5d - Action: Accessed admin_unlock_session
2024-08-09 01:54:23 - Username: admin - Session ID: 09e97d81fe88a5a02ea2afb7b47499c0dec54eac21cbd8705b58076d5295fa5d - Action: Accessed admin_unlock_session
2024-08-09 01:54:23 - Username: admin - Session ID: 09e97d81fe88a5a02ea2afb7b47499c0dec54eac21cbd8705b58076d5295fa5d - Action: Accessed admin_unlock_session
2024-08-09 01:54:23 - Username: admin - Session ID: 09e97d81fe88a5a02ea2afb7b47499c0dec54eac21cbd8705b58076d5295fa5d - Action: Accessed admin_unlock_session
2024-08-09 01:54:23 - Username: admin - Session ID: 09e97d81fe88a5a02ea2afb7b47499c0dec54eac21cbd8705b58076d5295fa5d - Action: Accessed admin_unlock_session
2024-08-09 01:54:23 - Username: admin - Session ID: 09e97d81fe88a5a02ea2afb7b47499c0dec54eac21cbd8705b58076d5295fa5d - Action: Accessed admin_unlock_session
2024-08-09 01:54:23 - Username: admin - Session ID: 09e97d81fe88a5a02ea2afb7b47499c0dec54eac21cbd8705b58076d5295fa5d - Action: Accessed admin_unlock_session
2024-08-09 01:54:23 - Username: admin - Session ID: 09e97d81fe88a5a02ea2afb7b47499c0dec54eac21cbd8705b58076d5295fa5d - Action: Accessed admin_unlock_session
2024-08-09 01:54:23 - Username: admin - Session ID: 09e97d81fe88a5a02ea2afb7b47499c0dec54eac21cbd8705b58076d5295fa5d - Action: Accessed admin_unlock_session
2024-08-09 01:54:23 - Username: admin - Session ID: 09e97d81fe88a5a02ea2afb7b47499c0dec54eac21cbd8705b58076d5295fa5d - Action: Accessed admin_unlock_session
2024-08-09 01:54:23 - Username: admin - Session ID: 09e97d81fe88a5a02ea2afb7b47499c0dec54eac21cbd8705b58076d5295fa5d - Action: Accessed admin_unlock_session
2024-08-09 01:54:29 - Username: admin - Session ID: 09e97d81fe88a5a02ea2afb7b47499c0dec54eac21cbd8705b58076d5295fa5d - Action: Accessed admin_unlock_session
2024-08-09 01:54:29 - Username: admin - Session ID: 09e97d81fe88a5a02ea2afb7b47499c0dec54eac21cbd8705b58076d5295fa5d - Action: Accessed admin_unlock_session
2024-08-09 01:54:29 - Username: admin - Session ID: 09e97d81fe88a5a02ea2afb7b47499c0dec54eac21cbd8705b58076d5295fa5d - Action: Accessed admin_unlock_session
2024-08-09 01:54:29 - Username: admin - Session ID: 09e97d81fe88a5a02ea2afb7b47499c0dec54eac21cbd8705b58076d5295fa5d - Action: Accessed admin_unlock_session
2024-08-09 01:54:29 - Username: admin - Session ID: 09e97d81fe88a5a02ea2afb7b47499c0dec54eac21cbd8705b58076d5295fa5d - Action: Accessed admin_unlock_session
2024-08-09 01:54:29 - Username: admin - Session ID: 09e97d81fe88a5a02ea2afb7b47499c0dec54eac21cbd8705b58076d5295fa5d - Action: Accessed admin_unlock_session
2024-08-09 01:54:29 - Username: admin - Session ID: 09e97d81fe88a5a02ea2afb7b47499c0dec54eac21cbd8705b58076d5295fa5d - Action: Accessed admin_unlock_session
2024-08-09 01:54:29 - Username: admin - Session ID: 09e97d81fe88a5a02ea2afb7b47499c0dec54eac21cbd8705b58076d5295fa5d - Action: Accessed admin_unlock_session
2024-08-09 01:54:29 - Username: admin - Session ID: 09e97d81fe88a5a02ea2afb7b47499c0dec54eac21cbd8705b58076d5295fa5d - Action: Accessed admin_unlock_session
2024-08-09 01:54:29 - Username: admin - Session ID: 09e97d81fe88a5a02ea2afb7b47499c0dec54eac21cbd8705b58076d5295fa5d - Action: Accessed admin_unlock_session
2024-08-09 01:54:30 - Username: admin - Session ID: 09e97d81fe88a5a02ea2afb7b47499c0dec54eac21cbd8705b58076d5295fa5d - Action: Accessed admin_unlock_session
2024-08-09 01:54:30 - Username: admin - Session ID: 09e97d81fe88a5a02ea2afb7b47499c0dec54eac21cbd8705b58076d5295fa5d - Action: Accessed admin_unlock_session
2024-08-09 01:54:30 - Username: admin - Session ID: 09e97d81fe88a5a02ea2afb7b47499c0dec54eac21cbd8705b58076d5295fa5d - Action: Accessed admin_unlock_session
2024-08-09 01:54:30 - Username: admin - Session ID: 09e97d81fe88a5a02ea2afb7b47499c0dec54eac21cbd8705b58076d5295fa5d - Action: Accessed admin_unlock_session
2024-08-09 01:54:30 - Username: admin - Session ID: 09e97d81fe88a5a02ea2afb7b47499c0dec54eac21cbd8705b58076d5295fa5d - Action: Accessed admin_unlock_session
2024-08-09 01:54:30 - Username: admin - Session ID: 09e97d81fe88a5a02ea2afb7b47499c0dec54eac21cbd8705b58076d5295fa5d - Action: Accessed admin_unlock_session
2024-08-09 01:54:30 - Username: admin - Session ID: 09e97d81fe88a5a02ea2afb7b47499c0dec54eac21cbd8705b58076d5295fa5d - Action: Accessed admin_unlock_session
2024-08-09 01:54:30 - Username: admin - Session ID: 09e97d81fe88a5a02ea2afb7b47499c0dec54eac21cbd8705b58076d5295fa5d - Action: Accessed admin_unlock_session
2024-08-09 01:54:30 - Username: admin - Session ID: 09e97d81fe88a5a02ea2afb7b47499c0dec54eac21cbd8705b58076d5295fa5d - Action: Accessed admin_unlock_session
2024-08-09 01:54:30 - Username: admin - Session ID: 09e97d81fe88a5a02ea2afb7b47499c0dec54eac21cbd8705b58076d5295fa5d - Action: Accessed admin_unlock_session
2024-08-09 01:54:56,958 - thegrasshairboi - Logged in with face recognition
2024-08-09 01:54:56 - Username: thegrasshairboi - Session ID: 338feb1276f03f61a98e3d66a01b70912d2936b89d89935a69890139940923ef - Action: Accessed home
2024-08-09 01:54:56 - Username: thegrasshairboi - Session ID: 338feb1276f03f61a98e3d66a01b70912d2936b89d89935a69890139940923ef - Action: Accessed static
2024-08-09 01:54:56 - Username: thegrasshairboi - Session ID: 338feb1276f03f61a98e3d66a01b70912d2936b89d89935a69890139940923ef - Action: Accessed static
2024-08-09 01:54:58 - Username: thegrasshairboi - Session ID: 338feb1276f03f61a98e3d66a01b70912d2936b89d89935a69890139940923ef - Action: Accessed lock_session
2024-08-09 01:54:58 - Username: thegrasshairboi - Session ID: 338feb1276f03f61a98e3d66a01b70912d2936b89d89935a69890139940923ef - Action: Locked session
2024-08-09 01:54:58 - Username: thegrasshairboi - Session ID: 338feb1276f03f61a98e3d66a01b70912d2936b89d89935a69890139940923ef - Action: Accessed unlock_session
2024-08-09 01:55:01 - Username: thegrasshairboi - Session ID: 338feb1276f03f61a98e3d66a01b70912d2936b89d89935a69890139940923ef - Action: Accessed unlock_session
2024-08-09 01:55:01 - Username: thegrasshairboi - Session ID: 338feb1276f03f61a98e3d66a01b70912d2936b89d89935a69890139940923ef - Action: Unlocked session
2024-08-09 01:55:01 - Username: thegrasshairboi - Session ID: 338feb1276f03f61a98e3d66a01b70912d2936b89d89935a69890139940923ef - Action: Accessed home
2024-08-09 01:55:01 - Username: thegrasshairboi - Session ID: 338feb1276f03f61a98e3d66a01b70912d2936b89d89935a69890139940923ef - Action: Accessed static
2024-08-09 01:55:01 - Username: thegrasshairboi - Session ID: 338feb1276f03f61a98e3d66a01b70912d2936b89d89935a69890139940923ef - Action: Accessed static
2024-08-09 01:56:01 - Username: thegrasshairboi - Session ID: 338feb1276f03f61a98e3d66a01b70912d2936b89d89935a69890139940923ef - Action: Accessed logout
2024-08-09 01:56:01 - Username: thegrasshairboi - Session ID: 338feb1276f03f61a98e3d66a01b70912d2936b89d89935a69890139940923ef - Action: Logged out
2024-08-09 01:59:22 - Username: admin - Session ID: 847aa7c157787e33f9e81ab9c70c260638595d065d486105589341b59f2402be - Action: Logged in
2024-08-09 01:59:22 - Username: admin - Session ID: 847aa7c157787e33f9e81ab9c70c260638595d065d486105589341b59f2402be - Action: Accessed admin_dashboard
2024-08-09 01:59:22 - Username: admin - Session ID: 847aa7c157787e33f9e81ab9c70c260638595d065d486105589341b59f2402be - Action: Accessed static
2024-08-09 01:59:22 - Username: admin - Session ID: 847aa7c157787e33f9e81ab9c70c260638595d065d486105589341b59f2402be - Action: Accessed static
2024-08-09 01:59:23 - Username: admin - Session ID: 847aa7c157787e33f9e81ab9c70c260638595d065d486105589341b59f2402be - Action: Accessed lock_session
2024-08-09 01:59:23 - Username: admin - Session ID: 847aa7c157787e33f9e81ab9c70c260638595d065d486105589341b59f2402be - Action: Locked session
2024-08-09 01:59:23 - Username: admin - Session ID: 847aa7c157787e33f9e81ab9c70c260638595d065d486105589341b59f2402be - Action: Accessed admin_unlock_session
2024-08-09 01:59:23 - Username: admin - Session ID: 847aa7c157787e33f9e81ab9c70c260638595d065d486105589341b59f2402be - Action: Accessed admin_unlock_session
2024-08-09 01:59:23 - Username: admin - Session ID: 847aa7c157787e33f9e81ab9c70c260638595d065d486105589341b59f2402be - Action: Accessed admin_unlock_session
2024-08-09 01:59:23 - Username: admin - Session ID: 847aa7c157787e33f9e81ab9c70c260638595d065d486105589341b59f2402be - Action: Accessed admin_unlock_session
2024-08-09 01:59:23 - Username: admin - Session ID: 847aa7c157787e33f9e81ab9c70c260638595d065d486105589341b59f2402be - Action: Accessed admin_unlock_session
2024-08-09 01:59:23 - Username: admin - Session ID: 847aa7c157787e33f9e81ab9c70c260638595d065d486105589341b59f2402be - Action: Accessed admin_unlock_session
2024-08-09 01:59:23 - Username: admin - Session ID: 847aa7c157787e33f9e81ab9c70c260638595d065d486105589341b59f2402be - Action: Accessed admin_unlock_session
2024-08-09 01:59:24 - Username: admin - Session ID: 847aa7c157787e33f9e81ab9c70c260638595d065d486105589341b59f2402be - Action: Accessed admin_unlock_session
2024-08-09 01:59:24 - Username: admin - Session ID: 847aa7c157787e33f9e81ab9c70c260638595d065d486105589341b59f2402be - Action: Accessed admin_unlock_session
2024-08-09 01:59:25 - Username: admin - Session ID: 847aa7c157787e33f9e81ab9c70c260638595d065d486105589341b59f2402be - Action: Accessed admin_unlock_session
2024-08-09 01:59:25 - Username: admin - Session ID: 847aa7c157787e33f9e81ab9c70c260638595d065d486105589341b59f2402be - Action: Accessed admin_unlock_session
2024-08-09 01:59:25 - Username: admin - Session ID: 847aa7c157787e33f9e81ab9c70c260638595d065d486105589341b59f2402be - Action: Accessed admin_unlock_session
2024-08-09 01:59:25 - Username: admin - Session ID: 847aa7c157787e33f9e81ab9c70c260638595d065d486105589341b59f2402be - Action: Accessed admin_unlock_session
2024-08-09 01:59:25 - Username: admin - Session ID: 847aa7c157787e33f9e81ab9c70c260638595d065d486105589341b59f2402be - Action: Accessed admin_unlock_session
2024-08-09 01:59:25 - Username: admin - Session ID: 847aa7c157787e33f9e81ab9c70c260638595d065d486105589341b59f2402be - Action: Accessed admin_unlock_session
2024-08-09 01:59:25 - Username: admin - Session ID: 847aa7c157787e33f9e81ab9c70c260638595d065d486105589341b59f2402be - Action: Accessed admin_unlock_session
2024-08-09 01:59:25 - Username: admin - Session ID: 847aa7c157787e33f9e81ab9c70c260638595d065d486105589341b59f2402be - Action: Accessed admin_unlock_session
2024-08-09 01:59:25 - Username: admin - Session ID: 847aa7c157787e33f9e81ab9c70c260638595d065d486105589341b59f2402be - Action: Accessed admin_unlock_session
2024-08-09 01:59:25 - Username: admin - Session ID: 847aa7c157787e33f9e81ab9c70c260638595d065d486105589341b59f2402be - Action: Accessed admin_unlock_session
2024-08-09 01:59:30 - Username: admin - Session ID: 847aa7c157787e33f9e81ab9c70c260638595d065d486105589341b59f2402be - Action: Accessed admin_unlock_session
2024-08-09 01:59:30 - Username: admin - Session ID: 847aa7c157787e33f9e81ab9c70c260638595d065d486105589341b59f2402be - Action: Accessed admin_unlock_session
2024-08-09 01:59:30 - Username: admin - Session ID: 847aa7c157787e33f9e81ab9c70c260638595d065d486105589341b59f2402be - Action: Accessed admin_unlock_session
2024-08-09 01:59:30 - Username: admin - Session ID: 847aa7c157787e33f9e81ab9c70c260638595d065d486105589341b59f2402be - Action: Accessed admin_unlock_session
2024-08-09 01:59:30 - Username: admin - Session ID: 847aa7c157787e33f9e81ab9c70c260638595d065d486105589341b59f2402be - Action: Accessed admin_unlock_session
2024-08-09 01:59:30 - Username: admin - Session ID: 847aa7c157787e33f9e81ab9c70c260638595d065d486105589341b59f2402be - Action: Accessed admin_unlock_session
2024-08-09 01:59:30 - Username: admin - Session ID: 847aa7c157787e33f9e81ab9c70c260638595d065d486105589341b59f2402be - Action: Accessed admin_unlock_session
2024-08-09 01:59:30 - Username: admin - Session ID: 847aa7c157787e33f9e81ab9c70c260638595d065d486105589341b59f2402be - Action: Accessed admin_unlock_session
2024-08-09 01:59:30 - Username: admin - Session ID: 847aa7c157787e33f9e81ab9c70c260638595d065d486105589341b59f2402be - Action: Accessed admin_unlock_session
2024-08-09 01:59:30 - Username: admin - Session ID: 847aa7c157787e33f9e81ab9c70c260638595d065d486105589341b59f2402be - Action: Accessed admin_unlock_session
2024-08-09 01:59:40 - Username: admin - Session ID: 847aa7c157787e33f9e81ab9c70c260638595d065d486105589341b59f2402be - Action: Accessed admin_unlock_session
2024-08-09 01:59:40 - Username: admin - Session ID: 847aa7c157787e33f9e81ab9c70c260638595d065d486105589341b59f2402be - Action: Accessed admin_unlock_session
2024-08-09 01:59:40 - Username: admin - Session ID: 847aa7c157787e33f9e81ab9c70c260638595d065d486105589341b59f2402be - Action: Accessed admin_unlock_session
2024-08-09 01:59:40 - Username: admin - Session ID: 847aa7c157787e33f9e81ab9c70c260638595d065d486105589341b59f2402be - Action: Accessed admin_unlock_session
2024-08-09 01:59:40 - Username: admin - Session ID: 847aa7c157787e33f9e81ab9c70c260638595d065d486105589341b59f2402be - Action: Accessed admin_unlock_session
2024-08-09 01:59:40 - Username: admin - Session ID: 847aa7c157787e33f9e81ab9c70c260638595d065d486105589341b59f2402be - Action: Accessed admin_unlock_session
2024-08-09 01:59:40 - Username: admin - Session ID: 847aa7c157787e33f9e81ab9c70c260638595d065d486105589341b59f2402be - Action: Accessed admin_unlock_session
2024-08-09 01:59:40 - Username: admin - Session ID: 847aa7c157787e33f9e81ab9c70c260638595d065d486105589341b59f2402be - Action: Accessed admin_unlock_session
2024-08-09 01:59:40 - Username: admin - Session ID: 847aa7c157787e33f9e81ab9c70c260638595d065d486105589341b59f2402be - Action: Accessed admin_unlock_session
2024-08-09 01:59:40 - Username: admin - Session ID: 847aa7c157787e33f9e81ab9c70c260638595d065d486105589341b59f2402be - Action: Accessed admin_unlock_session
2024-08-09 01:59:41 - Username: admin - Session ID: 847aa7c157787e33f9e81ab9c70c260638595d065d486105589341b59f2402be - Action: Accessed admin_unlock_session
2024-08-09 01:59:41 - Username: admin - Session ID: 847aa7c157787e33f9e81ab9c70c260638595d065d486105589341b59f2402be - Action: Accessed admin_unlock_session
2024-08-09 01:59:41 - Username: admin - Session ID: 847aa7c157787e33f9e81ab9c70c260638595d065d486105589341b59f2402be - Action: Accessed admin_unlock_session
2024-08-09 01:59:41 - Username: admin - Session ID: 847aa7c157787e33f9e81ab9c70c260638595d065d486105589341b59f2402be - Action: Accessed admin_unlock_session
2024-08-09 01:59:41 - Username: admin - Session ID: 847aa7c157787e33f9e81ab9c70c260638595d065d486105589341b59f2402be - Action: Accessed admin_unlock_session
2024-08-09 01:59:41 - Username: admin - Session ID: 847aa7c157787e33f9e81ab9c70c260638595d065d486105589341b59f2402be - Action: Accessed admin_unlock_session
2024-08-09 01:59:41 - Username: admin - Session ID: 847aa7c157787e33f9e81ab9c70c260638595d065d486105589341b59f2402be - Action: Accessed admin_unlock_session
2024-08-09 01:59:41 - Username: admin - Session ID: 847aa7c157787e33f9e81ab9c70c260638595d065d486105589341b59f2402be - Action: Accessed admin_unlock_session
2024-08-09 01:59:41 - Username: admin - Session ID: 847aa7c157787e33f9e81ab9c70c260638595d065d486105589341b59f2402be - Action: Accessed admin_unlock_session
2024-08-09 01:59:41 - Username: admin - Session ID: 847aa7c157787e33f9e81ab9c70c260638595d065d486105589341b59f2402be - Action: Accessed admin_unlock_session
2024-08-09 02:05:32 - Username: admin - Session ID: 55c08164e8d4203851b33217fa57ad48bb84858b73bed61b268e3997f98bd9c2 - Action: Logged in
2024-08-09 02:05:32 - Username: admin - Session ID: 55c08164e8d4203851b33217fa57ad48bb84858b73bed61b268e3997f98bd9c2 - Action: Accessed admin_dashboard
2024-08-09 02:05:32 - Username: admin - Session ID: 55c08164e8d4203851b33217fa57ad48bb84858b73bed61b268e3997f98bd9c2 - Action: Accessed static
2024-08-09 02:05:32 - Username: admin - Session ID: 55c08164e8d4203851b33217fa57ad48bb84858b73bed61b268e3997f98bd9c2 - Action: Accessed static
2024-08-09 02:05:34 - Username: admin - Session ID: 55c08164e8d4203851b33217fa57ad48bb84858b73bed61b268e3997f98bd9c2 - Action: Accessed admin_lock_session
2024-08-09 02:05:34 - Username: admin - Session ID: 55c08164e8d4203851b33217fa57ad48bb84858b73bed61b268e3997f98bd9c2 - Action: Locked session
2024-08-09 02:05:34 - Username: admin - Session ID: 55c08164e8d4203851b33217fa57ad48bb84858b73bed61b268e3997f98bd9c2 - Action: Accessed admin_unlock_session
2024-08-09 02:05:34 - Username: admin - Session ID: 55c08164e8d4203851b33217fa57ad48bb84858b73bed61b268e3997f98bd9c2 - Action: Accessed admin_unlock_session
2024-08-09 02:05:34 - Username: admin - Session ID: 55c08164e8d4203851b33217fa57ad48bb84858b73bed61b268e3997f98bd9c2 - Action: Accessed admin_unlock_session
2024-08-09 02:05:34 - Username: admin - Session ID: 55c08164e8d4203851b33217fa57ad48bb84858b73bed61b268e3997f98bd9c2 - Action: Accessed admin_unlock_session
2024-08-09 02:05:34 - Username: admin - Session ID: 55c08164e8d4203851b33217fa57ad48bb84858b73bed61b268e3997f98bd9c2 - Action: Accessed admin_unlock_session
2024-08-09 02:05:34 - Username: admin - Session ID: 55c08164e8d4203851b33217fa57ad48bb84858b73bed61b268e3997f98bd9c2 - Action: Accessed admin_unlock_session
2024-08-09 02:05:34 - Username: admin - Session ID: 55c08164e8d4203851b33217fa57ad48bb84858b73bed61b268e3997f98bd9c2 - Action: Accessed admin_unlock_session
2024-08-09 02:05:34 - Username: admin - Session ID: 55c08164e8d4203851b33217fa57ad48bb84858b73bed61b268e3997f98bd9c2 - Action: Accessed admin_unlock_session
2024-08-09 02:05:34 - Username: admin - Session ID: 55c08164e8d4203851b33217fa57ad48bb84858b73bed61b268e3997f98bd9c2 - Action: Accessed admin_unlock_session
2024-08-09 02:05:34 - Username: admin - Session ID: 55c08164e8d4203851b33217fa57ad48bb84858b73bed61b268e3997f98bd9c2 - Action: Accessed admin_unlock_session
2024-08-09 02:05:35 - Username: admin - Session ID: 55c08164e8d4203851b33217fa57ad48bb84858b73bed61b268e3997f98bd9c2 - Action: Accessed admin_unlock_session
2024-08-09 02:05:36 - Username: admin - Session ID: 55c08164e8d4203851b33217fa57ad48bb84858b73bed61b268e3997f98bd9c2 - Action: Accessed admin_unlock_session
2024-08-09 02:05:36 - Username: admin - Session ID: 55c08164e8d4203851b33217fa57ad48bb84858b73bed61b268e3997f98bd9c2 - Action: Accessed admin_unlock_session
2024-08-09 02:05:36 - Username: admin - Session ID: 55c08164e8d4203851b33217fa57ad48bb84858b73bed61b268e3997f98bd9c2 - Action: Accessed admin_unlock_session
2024-08-09 02:05:36 - Username: admin - Session ID: 55c08164e8d4203851b33217fa57ad48bb84858b73bed61b268e3997f98bd9c2 - Action: Accessed admin_unlock_session
2024-08-09 02:05:36 - Username: admin - Session ID: 55c08164e8d4203851b33217fa57ad48bb84858b73bed61b268e3997f98bd9c2 - Action: Accessed admin_unlock_session
2024-08-09 02:05:36 - Username: admin - Session ID: 55c08164e8d4203851b33217fa57ad48bb84858b73bed61b268e3997f98bd9c2 - Action: Accessed admin_unlock_session
2024-08-09 02:05:36 - Username: admin - Session ID: 55c08164e8d4203851b33217fa57ad48bb84858b73bed61b268e3997f98bd9c2 - Action: Accessed admin_unlock_session
2024-08-09 02:05:36 - Username: admin - Session ID: 55c08164e8d4203851b33217fa57ad48bb84858b73bed61b268e3997f98bd9c2 - Action: Accessed admin_unlock_session
2024-08-09 02:05:36 - Username: admin - Session ID: 55c08164e8d4203851b33217fa57ad48bb84858b73bed61b268e3997f98bd9c2 - Action: Accessed admin_unlock_session
2024-08-09 02:05:41 - Username: admin - Session ID: 55c08164e8d4203851b33217fa57ad48bb84858b73bed61b268e3997f98bd9c2 - Action: Accessed admin_unlock_session
2024-08-09 02:05:41 - Username: admin - Session ID: 55c08164e8d4203851b33217fa57ad48bb84858b73bed61b268e3997f98bd9c2 - Action: Accessed admin_unlock_session
2024-08-09 02:05:41 - Username: admin - Session ID: 55c08164e8d4203851b33217fa57ad48bb84858b73bed61b268e3997f98bd9c2 - Action: Accessed admin_unlock_session
2024-08-09 02:05:41 - Username: admin - Session ID: 55c08164e8d4203851b33217fa57ad48bb84858b73bed61b268e3997f98bd9c2 - Action: Accessed admin_unlock_session
2024-08-09 02:05:41 - Username: admin - Session ID: 55c08164e8d4203851b33217fa57ad48bb84858b73bed61b268e3997f98bd9c2 - Action: Accessed admin_unlock_session
2024-08-09 02:05:41 - Username: admin - Session ID: 55c08164e8d4203851b33217fa57ad48bb84858b73bed61b268e3997f98bd9c2 - Action: Accessed admin_unlock_session
2024-08-09 02:05:41 - Username: admin - Session ID: 55c08164e8d4203851b33217fa57ad48bb84858b73bed61b268e3997f98bd9c2 - Action: Accessed admin_unlock_session
2024-08-09 02:05:41 - Username: admin - Session ID: 55c08164e8d4203851b33217fa57ad48bb84858b73bed61b268e3997f98bd9c2 - Action: Accessed admin_unlock_session
2024-08-09 02:05:41 - Username: admin - Session ID: 55c08164e8d4203851b33217fa57ad48bb84858b73bed61b268e3997f98bd9c2 - Action: Accessed admin_unlock_session
2024-08-09 02:05:41 - Username: admin - Session ID: 55c08164e8d4203851b33217fa57ad48bb84858b73bed61b268e3997f98bd9c2 - Action: Accessed admin_unlock_session
2024-08-09 02:05:46 - Username: admin - Session ID: 55c08164e8d4203851b33217fa57ad48bb84858b73bed61b268e3997f98bd9c2 - Action: Accessed admin_unlock_session
2024-08-09 02:05:46 - Username: admin - Session ID: 55c08164e8d4203851b33217fa57ad48bb84858b73bed61b268e3997f98bd9c2 - Action: Accessed admin_unlock_session
2024-08-09 02:05:46 - Username: admin - Session ID: 55c08164e8d4203851b33217fa57ad48bb84858b73bed61b268e3997f98bd9c2 - Action: Accessed admin_unlock_session
2024-08-09 02:05:46 - Username: admin - Session ID: 55c08164e8d4203851b33217fa57ad48bb84858b73bed61b268e3997f98bd9c2 - Action: Accessed admin_unlock_session
2024-08-09 02:05:46 - Username: admin - Session ID: 55c08164e8d4203851b33217fa57ad48bb84858b73bed61b268e3997f98bd9c2 - Action: Accessed admin_unlock_session
2024-08-09 02:05:46 - Username: admin - Session ID: 55c08164e8d4203851b33217fa57ad48bb84858b73bed61b268e3997f98bd9c2 - Action: Accessed admin_unlock_session
2024-08-09 02:05:46 - Username: admin - Session ID: 55c08164e8d4203851b33217fa57ad48bb84858b73bed61b268e3997f98bd9c2 - Action: Accessed admin_unlock_session
2024-08-09 02:05:46 - Username: admin - Session ID: 55c08164e8d4203851b33217fa57ad48bb84858b73bed61b268e3997f98bd9c2 - Action: Accessed admin_unlock_session
2024-08-09 02:05:46 - Username: admin - Session ID: 55c08164e8d4203851b33217fa57ad48bb84858b73bed61b268e3997f98bd9c2 - Action: Accessed admin_unlock_session
2024-08-09 02:05:46 - Username: admin - Session ID: 55c08164e8d4203851b33217fa57ad48bb84858b73bed61b268e3997f98bd9c2 - Action: Accessed admin_unlock_session
2024-08-09 02:05:47 - Username: admin - Session ID: 55c08164e8d4203851b33217fa57ad48bb84858b73bed61b268e3997f98bd9c2 - Action: Accessed admin_unlock_session
2024-08-09 02:05:47 - Username: admin - Session ID: 55c08164e8d4203851b33217fa57ad48bb84858b73bed61b268e3997f98bd9c2 - Action: Accessed admin_unlock_session
2024-08-09 02:05:47 - Username: admin - Session ID: 55c08164e8d4203851b33217fa57ad48bb84858b73bed61b268e3997f98bd9c2 - Action: Accessed admin_unlock_session
2024-08-09 02:05:47 - Username: admin - Session ID: 55c08164e8d4203851b33217fa57ad48bb84858b73bed61b268e3997f98bd9c2 - Action: Accessed admin_unlock_session
2024-08-09 02:05:47 - Username: admin - Session ID: 55c08164e8d4203851b33217fa57ad48bb84858b73bed61b268e3997f98bd9c2 - Action: Accessed admin_unlock_session
2024-08-09 02:05:47 - Username: admin - Session ID: 55c08164e8d4203851b33217fa57ad48bb84858b73bed61b268e3997f98bd9c2 - Action: Accessed admin_unlock_session
2024-08-09 02:05:47 - Username: admin - Session ID: 55c08164e8d4203851b33217fa57ad48bb84858b73bed61b268e3997f98bd9c2 - Action: Accessed admin_unlock_session
2024-08-09 02:05:47 - Username: admin - Session ID: 55c08164e8d4203851b33217fa57ad48bb84858b73bed61b268e3997f98bd9c2 - Action: Accessed admin_unlock_session
2024-08-09 02:05:47 - Username: admin - Session ID: 55c08164e8d4203851b33217fa57ad48bb84858b73bed61b268e3997f98bd9c2 - Action: Accessed admin_unlock_session
2024-08-09 02:05:47 - Username: admin - Session ID: 55c08164e8d4203851b33217fa57ad48bb84858b73bed61b268e3997f98bd9c2 - Action: Accessed admin_unlock_session
2024-08-09 02:08:54 - Username: admin - Session ID: 83da9ad6628521448e259eb7f30e8eb9f25a0dc9f5e6781c510495fa8492f701 - Action: Logged in
2024-08-09 02:08:54 - Username: admin - Session ID: 83da9ad6628521448e259eb7f30e8eb9f25a0dc9f5e6781c510495fa8492f701 - Action: Accessed admin_dashboard
2024-08-09 02:08:54 - Username: admin - Session ID: 83da9ad6628521448e259eb7f30e8eb9f25a0dc9f5e6781c510495fa8492f701 - Action: Accessed static
2024-08-09 02:08:54 - Username: admin - Session ID: 83da9ad6628521448e259eb7f30e8eb9f25a0dc9f5e6781c510495fa8492f701 - Action: Accessed static
2024-08-09 02:09:04 - Username: admin - Session ID: 83da9ad6628521448e259eb7f30e8eb9f25a0dc9f5e6781c510495fa8492f701 - Action: Accessed admin_dashboard
2024-08-09 02:09:04 - Username: admin - Session ID: 83da9ad6628521448e259eb7f30e8eb9f25a0dc9f5e6781c510495fa8492f701 - Action: Accessed static
2024-08-09 02:09:04 - Username: admin - Session ID: 83da9ad6628521448e259eb7f30e8eb9f25a0dc9f5e6781c510495fa8492f701 - Action: Accessed static
2024-08-09 02:09:05 - Username: admin - Session ID: 83da9ad6628521448e259eb7f30e8eb9f25a0dc9f5e6781c510495fa8492f701 - Action: Accessed delete_user
2024-08-09 02:09:05 - Username: admin - Session ID: 83da9ad6628521448e259eb7f30e8eb9f25a0dc9f5e6781c510495fa8492f701 - Action: Accessed admin_dashboard
2024-08-09 02:09:05 - Username: admin - Session ID: 83da9ad6628521448e259eb7f30e8eb9f25a0dc9f5e6781c510495fa8492f701 - Action: Accessed static
2024-08-09 02:09:05 - Username: admin - Session ID: 83da9ad6628521448e259eb7f30e8eb9f25a0dc9f5e6781c510495fa8492f701 - Action: Accessed static
2024-08-09 02:09:15 - Username: admin - Session ID: 83da9ad6628521448e259eb7f30e8eb9f25a0dc9f5e6781c510495fa8492f701 - Action: Accessed session_logs
2024-08-09 02:09:15 - Username: admin - Session ID: 83da9ad6628521448e259eb7f30e8eb9f25a0dc9f5e6781c510495fa8492f701 - Action: Accessed static
2024-08-09 02:10:15 - Username: admin - Session ID: 06bb4d2d0069f8830eaaac461432c9d4a66c3076fd77bbb404b17ba5b410a53f - Action: Logged in
2024-08-09 02:10:15 - Username: admin - Session ID: 06bb4d2d0069f8830eaaac461432c9d4a66c3076fd77bbb404b17ba5b410a53f - Action: Accessed admin_dashboard
2024-08-09 02:10:15 - Username: admin - Session ID: 06bb4d2d0069f8830eaaac461432c9d4a66c3076fd77bbb404b17ba5b410a53f - Action: Accessed static
2024-08-09 02:10:15 - Username: admin - Session ID: 06bb4d2d0069f8830eaaac461432c9d4a66c3076fd77bbb404b17ba5b410a53f - Action: Accessed static
2024-08-09 02:10:17 - Username: admin - Session ID: 06bb4d2d0069f8830eaaac461432c9d4a66c3076fd77bbb404b17ba5b410a53f - Action: Accessed session_logs
2024-08-09 02:10:17 - Username: admin - Session ID: 06bb4d2d0069f8830eaaac461432c9d4a66c3076fd77bbb404b17ba5b410a53f - Action: Accessed static
2024-08-09 02:10:17 - Username: admin - Session ID: 06bb4d2d0069f8830eaaac461432c9d4a66c3076fd77bbb404b17ba5b410a53f - Action: Accessed static
2024-08-09 02:10:18 - Username: admin - Session ID: 06bb4d2d0069f8830eaaac461432c9d4a66c3076fd77bbb404b17ba5b410a53f - Action: Accessed session_logs
2024-08-09 02:10:18 - Username: admin - Session ID: 06bb4d2d0069f8830eaaac461432c9d4a66c3076fd77bbb404b17ba5b410a53f - Action: Accessed static
2024-08-09 02:10:18 - Username: admin - Session ID: 06bb4d2d0069f8830eaaac461432c9d4a66c3076fd77bbb404b17ba5b410a53f - Action: Accessed static
2024-08-09 02:11:16 - Username: admin - Session ID: 06bb4d2d0069f8830eaaac461432c9d4a66c3076fd77bbb404b17ba5b410a53f - Action: Accessed logout
2024-08-09 02:11:16 - Username: admin - Session ID: 06bb4d2d0069f8830eaaac461432c9d4a66c3076fd77bbb404b17ba5b410a53f - Action: Logged out
2024-08-09 02:12:10 - Username: admin - Session ID: ee8b6ed8c85d79ad7180131696dc8033c2be51b20fd90c5552cba60ea228b810 - Action: Logged in
2024-08-09 02:12:10 - Username: admin - Session ID: ee8b6ed8c85d79ad7180131696dc8033c2be51b20fd90c5552cba60ea228b810 - Action: Accessed admin_dashboard
2024-08-09 02:12:10 - Username: admin - Session ID: ee8b6ed8c85d79ad7180131696dc8033c2be51b20fd90c5552cba60ea228b810 - Action: Accessed static
2024-08-09 02:12:10 - Username: admin - Session ID: ee8b6ed8c85d79ad7180131696dc8033c2be51b20fd90c5552cba60ea228b810 - Action: Accessed static
2024-08-09 02:12:17 - Username: admin - Session ID: ee8b6ed8c85d79ad7180131696dc8033c2be51b20fd90c5552cba60ea228b810 - Action: Accessed session_logs
2024-08-09 02:12:17 - Username: admin - Session ID: ee8b6ed8c85d79ad7180131696dc8033c2be51b20fd90c5552cba60ea228b810 - Action: Accessed static
2024-08-09 02:12:17 - Username: admin - Session ID: ee8b6ed8c85d79ad7180131696dc8033c2be51b20fd90c5552cba60ea228b810 - Action: Accessed static
2024-08-09 02:12:17 - Username: admin - Session ID: ee8b6ed8c85d79ad7180131696dc8033c2be51b20fd90c5552cba60ea228b810 - Action: Accessed admin_dashboard
2024-08-09 02:12:17 - Username: admin - Session ID: ee8b6ed8c85d79ad7180131696dc8033c2be51b20fd90c5552cba60ea228b810 - Action: Accessed static
2024-08-09 02:12:17 - Username: admin - Session ID: ee8b6ed8c85d79ad7180131696dc8033c2be51b20fd90c5552cba60ea228b810 - Action: Accessed static
2024-08-09 02:12:18 - Username: admin - Session ID: ee8b6ed8c85d79ad7180131696dc8033c2be51b20fd90c5552cba60ea228b810 - Action: Accessed session_logs
2024-08-09 02:12:18 - Username: admin - Session ID: ee8b6ed8c85d79ad7180131696dc8033c2be51b20fd90c5552cba60ea228b810 - Action: Accessed static
2024-08-09 02:12:18 - Username: admin - Session ID: ee8b6ed8c85d79ad7180131696dc8033c2be51b20fd90c5552cba60ea228b810 - Action: Accessed static
2024-08-09 02:12:18 - Username: admin - Session ID: ee8b6ed8c85d79ad7180131696dc8033c2be51b20fd90c5552cba60ea228b810 - Action: Accessed admin_dashboard
2024-08-09 02:12:18 - Username: admin - Session ID: ee8b6ed8c85d79ad7180131696dc8033c2be51b20fd90c5552cba60ea228b810 - Action: Accessed static
2024-08-09 02:12:18 - Username: admin - Session ID: ee8b6ed8c85d79ad7180131696dc8033c2be51b20fd90c5552cba60ea228b810 - Action: Accessed static
2024-08-09 02:12:37 - Username: admin - Session ID: ee8b6ed8c85d79ad7180131696dc8033c2be51b20fd90c5552cba60ea228b810 - Action: Accessed logout
2024-08-09 02:12:37 - Username: admin - Session ID: ee8b6ed8c85d79ad7180131696dc8033c2be51b20fd90c5552cba60ea228b810 - Action: Logged out
2024-08-09 03:05:56 - Username: thegrasshairboi - Session ID: babcad45034c775760d300384edf73c9b67bc0da1729a54e26b5b52acb409ae1 - Action: Accessed home
2024-08-09 03:05:56 - Username: thegrasshairboi - Session ID: babcad45034c775760d300384edf73c9b67bc0da1729a54e26b5b52acb409ae1 - Action: Accessed static
2024-08-09 03:05:56 - Username: thegrasshairboi - Session ID: babcad45034c775760d300384edf73c9b67bc0da1729a54e26b5b52acb409ae1 - Action: Accessed static
2024-08-09 03:05:57 - Username: thegrasshairboi - Session ID: babcad45034c775760d300384edf73c9b67bc0da1729a54e26b5b52acb409ae1 - Action: Accessed account
2024-08-09 03:05:58 - Username: thegrasshairboi - Session ID: babcad45034c775760d300384edf73c9b67bc0da1729a54e26b5b52acb409ae1 - Action: Accessed static
2024-08-09 03:06:03 - Username: thegrasshairboi - Session ID: babcad45034c775760d300384edf73c9b67bc0da1729a54e26b5b52acb409ae1 - Action: Accessed setup_face_recognition_verify
2024-08-09 03:06:03 - Username: thegrasshairboi - Session ID: babcad45034c775760d300384edf73c9b67bc0da1729a54e26b5b52acb409ae1 - Action: Accessed setup_face_recognition
2024-08-09 03:06:03 - Username: thegrasshairboi - Session ID: babcad45034c775760d300384edf73c9b67bc0da1729a54e26b5b52acb409ae1 - Action: Accessed static
2024-08-09 03:06:22 - Username: thegrasshairboi - Session ID: babcad45034c775760d300384edf73c9b67bc0da1729a54e26b5b52acb409ae1 - Action: Accessed setup_face_recognition
2024-08-09 03:06:22,472 - thegrasshairboi - Updated face recognition setup
2024-08-09 03:06:22 - Username: thegrasshairboi - Session ID: babcad45034c775760d300384edf73c9b67bc0da1729a54e26b5b52acb409ae1 - Action: Accessed account
2024-08-09 03:06:22 - Username: thegrasshairboi - Session ID: babcad45034c775760d300384edf73c9b67bc0da1729a54e26b5b52acb409ae1 - Action: Accessed static
2024-08-09 03:06:27 - Username: thegrasshairboi - Session ID: babcad45034c775760d300384edf73c9b67bc0da1729a54e26b5b52acb409ae1 - Action: Accessed logout
2024-08-09 03:06:27 - Username: thegrasshairboi - Session ID: babcad45034c775760d300384edf73c9b67bc0da1729a54e26b5b52acb409ae1 - Action: Logged out
